[2022-10-13 17:00:04]--[../common/cfg.cpp:31]--2fopen err
[2022-10-13 17:00:04]--[../common/cfg.cpp:131]--son->valuestring = root
[2022-10-13 17:00:04]--[../common/cfg.cpp:31]--2fopen err
[2022-10-13 17:00:04]--[../common/cfg.cpp:131]--son->valuestring = root
[2022-10-13 17:00:04]--[../common/cfg.cpp:31]--2fopen err
[2022-10-13 17:00:04]--[../common/cfg.cpp:131]--son->valuestring = cloud_disk
[2022-10-13 17:00:04]--[../common/cfg.cpp:31]--2fopen err
[2022-10-13 17:00:04]--[../common/cfg.cpp:131]--son->valuestring = 127.0.0.1
[2022-10-13 17:00:04]--[../common/cfg.cpp:31]--2fopen err
[2022-10-13 17:00:04]--[../common/cfg.cpp:131]--son->valuestring = 6379
[2022-10-13 17:03:44]--[../common/cfg.cpp:31]--2fopen err
[2022-10-13 17:03:44]--[../common/cfg.cpp:131]--son->valuestring = root
[2022-10-13 17:03:44]--[../common/cfg.cpp:31]--2fopen err
[2022-10-13 17:03:44]--[../common/cfg.cpp:131]--son->valuestring = root
[2022-10-13 17:03:44]--[../common/cfg.cpp:31]--2fopen err
[2022-10-13 17:03:44]--[../common/cfg.cpp:131]--son->valuestring = cloud_disk
[2022-10-13 17:03:44]--[../common/cfg.cpp:31]--2fopen err
[2022-10-13 17:03:44]--[../common/cfg.cpp:131]--son->valuestring = 127.0.0.1
[2022-10-13 17:03:44]--[../common/cfg.cpp:31]--2fopen err
[2022-10-13 17:03:44]--[../common/cfg.cpp:131]--son->valuestring = 6379
[2022-10-13 18:05:58]--[../common/cfg.cpp:31]--2fopen err
[2022-10-13 18:05:58]--[../common/cfg.cpp:131]--son->valuestring = root
[2022-10-13 18:05:58]--[../common/cfg.cpp:31]--2fopen err
[2022-10-13 18:05:58]--[../common/cfg.cpp:131]--son->valuestring = root
[2022-10-13 18:05:58]--[../common/cfg.cpp:31]--2fopen err
[2022-10-13 18:05:58]--[../common/cfg.cpp:131]--son->valuestring = cloud_disk
[2022-10-13 18:05:59]--[../common/cfg.cpp:31]--2fopen err
[2022-10-13 18:05:59]--[../common/cfg.cpp:131]--son->valuestring = 127.0.0.1
[2022-10-13 18:05:59]--[../common/cfg.cpp:31]--2fopen err
[2022-10-13 18:05:59]--[../common/cfg.cpp:131]--son->valuestring = 6379
