[2022-10-13 17:00:04]--[login_cgi.cpp:310]--buf = {
    "pwd": "e10adc3949ba59abbe56e057f20f883e",
    "user": "llwwxx"
}

[2022-10-13 17:00:04]--[login_cgi.cpp:316]--user = llwwxx, pwd = e10adc3949ba59abbe56e057f20f883e
[2022-10-13 17:00:04]--[login_cgi.cpp:119]--mysql_user = root, mysql_pwd = root, mysql_db = cloud_disk
[2022-10-13 17:00:04]--[login_cgi.cpp:167]--redis:[ip=127.0.0.1,port=6379]
[2022-10-13 17:00:04]--[login_cgi.cpp:197]--tmp = llwwxx706302242
[2022-10-13 17:00:04]--[login_cgi.cpp:218]--base64 = 9sNGcqCu2Y2hw5DvCieqjQ==
[2022-10-13 17:00:04]--[login_cgi.cpp:325]--token = 0002f278dd7a3696d78cff426ab07ffd
[2022-10-13 17:03:44]--[login_cgi.cpp:310]--buf = {
    "pwd": "e10adc3949ba59abbe56e057f20f883e",
    "user": "llwwxx"
}

[2022-10-13 17:03:44]--[login_cgi.cpp:316]--user = llwwxx, pwd = e10adc3949ba59abbe56e057f20f883e
[2022-10-13 17:03:44]--[login_cgi.cpp:119]--mysql_user = root, mysql_pwd = root, mysql_db = cloud_disk
[2022-10-13 17:03:44]--[login_cgi.cpp:167]--redis:[ip=127.0.0.1,port=6379]
[2022-10-13 17:03:44]--[login_cgi.cpp:197]--tmp = llwwxx253102768377
[2022-10-13 17:03:44]--[login_cgi.cpp:218]--base64 = QYVeH9OYQtZRjpE+GY4AOpFNToLc4xQW
[2022-10-13 17:03:44]--[login_cgi.cpp:325]--token = 4afb6811169c0a8a29e5c196322a8b30
