[2022-09-08 14:03:50]--[login_cgi.c:289]--buf = {
    "pwd": "e10adc3949ba59abbe56e057f20f883e",
    "user": "root"
}

[2022-09-08 14:03:50]--[login_cgi.c:295]--user = root, pwd = e10adc3949ba59abbe56e057f20f883e
[2022-09-08 14:13:55]--[login_cgi.c:289]--buf = {
    "pwd": "e10adc3949ba59abbe56e057f20f883e",
    "user": "lwx"
}

[2022-09-08 14:13:55]--[login_cgi.c:295]--user = lwx, pwd = e10adc3949ba59abbe56e057f20f883e
[2022-09-08 14:13:55]--[login_cgi.c:304]--token = 
[2022-09-08 14:14:13]--[login_cgi.c:289]--buf = {
    "pwd": "e10adc3949ba59abbe56e057f20f883e",
    "user": "root"
}

[2022-09-08 14:14:13]--[login_cgi.c:295]--user = root, pwd = e10adc3949ba59abbe56e057f20f883e
[2022-09-08 14:14:21]--[login_cgi.c:289]--buf = {
    "pwd": "e10adc3949ba59abbe56e057f20f883e",
    "user": "lwx"
}

[2022-09-08 14:14:21]--[login_cgi.c:295]--user = lwx, pwd = e10adc3949ba59abbe56e057f20f883e
[2022-09-08 14:14:21]--[login_cgi.c:304]--token = 
