[2022-09-11 14:10:00]--[common/cfg.c:32]--2fopen err
[2022-09-11 14:10:00]--[common/cfg.c:97]--son->valuestring = root
[2022-09-11 14:10:00]--[common/cfg.c:32]--2fopen err
[2022-09-11 14:10:00]--[common/cfg.c:97]--son->valuestring = root
[2022-09-11 14:10:00]--[common/cfg.c:32]--2fopen err
[2022-09-11 14:10:00]--[common/cfg.c:97]--son->valuestring = cloud_disk
[2022-09-11 14:10:01]--[common/cfg.c:32]--2fopen err
[2022-09-11 14:10:01]--[common/cfg.c:97]--son->valuestring = root
[2022-09-11 14:10:01]--[common/cfg.c:32]--2fopen err
[2022-09-11 14:10:01]--[common/cfg.c:97]--son->valuestring = root
[2022-09-11 14:10:01]--[common/cfg.c:32]--2fopen err
[2022-09-11 14:10:01]--[common/cfg.c:97]--son->valuestring = cloud_disk
[2022-09-11 14:10:01]--[common/cfg.c:32]--2fopen err
[2022-09-11 14:10:01]--[common/cfg.c:97]--son->valuestring = root
[2022-09-11 14:10:01]--[common/cfg.c:32]--2fopen err
[2022-09-11 14:10:01]--[common/cfg.c:97]--son->valuestring = root
[2022-09-11 14:10:01]--[common/cfg.c:32]--2fopen err
[2022-09-11 14:10:01]--[common/cfg.c:97]--son->valuestring = cloud_disk
[2022-09-11 14:10:01]--[common/cfg.c:32]--2fopen err
[2022-09-11 14:10:01]--[common/cfg.c:97]--son->valuestring = root
[2022-09-11 14:10:01]--[common/cfg.c:32]--2fopen err
[2022-09-11 14:10:01]--[common/cfg.c:97]--son->valuestring = root
[2022-09-11 14:10:01]--[common/cfg.c:32]--2fopen err
[2022-09-11 14:10:01]--[common/cfg.c:97]--son->valuestring = cloud_disk
[2022-09-11 14:10:01]--[common/cfg.c:32]--2fopen err
[2022-09-11 14:10:01]--[common/cfg.c:97]--son->valuestring = 127.0.0.1
[2022-09-11 14:10:01]--[common/cfg.c:32]--2fopen err
[2022-09-11 14:10:01]--[common/cfg.c:97]--son->valuestring = 6379
[2022-09-11 14:10:01]--[common/cfg.c:32]--2fopen err
[2022-09-11 14:10:01]--[common/cfg.c:97]--son->valuestring = root
[2022-09-11 14:10:01]--[common/cfg.c:32]--2fopen err
[2022-09-11 14:10:01]--[common/cfg.c:97]--son->valuestring = root
[2022-09-11 14:10:01]--[common/cfg.c:32]--2fopen err
[2022-09-11 14:10:01]--[common/cfg.c:97]--son->valuestring = cloud_disk
[2022-09-11 14:10:01]--[common/cfg.c:32]--2fopen err
[2022-09-11 14:10:01]--[common/cfg.c:97]--son->valuestring = 127.0.0.1
[2022-09-11 14:10:01]--[common/cfg.c:32]--2fopen err
[2022-09-11 14:10:01]--[common/cfg.c:97]--son->valuestring = 6379
[2022-09-11 14:10:01]--[common/cfg.c:32]--2fopen err
[2022-09-11 14:10:01]--[common/cfg.c:97]--son->valuestring = root
[2022-09-11 14:10:01]--[common/cfg.c:32]--2fopen err
[2022-09-11 14:10:01]--[common/cfg.c:97]--son->valuestring = root
[2022-09-11 14:10:01]--[common/cfg.c:32]--2fopen err
[2022-09-11 14:10:01]--[common/cfg.c:97]--son->valuestring = cloud_disk
[2022-09-11 14:10:01]--[common/cfg.c:32]--2fopen err
[2022-09-11 14:10:01]--[common/cfg.c:97]--son->valuestring = 127.0.0.1
[2022-09-11 14:10:01]--[common/cfg.c:32]--2fopen err
[2022-09-11 14:10:01]--[common/cfg.c:97]--son->valuestring = 6379
[2022-09-11 14:11:33]--[common/cfg.c:32]--2fopen err
[2022-09-11 14:11:33]--[common/cfg.c:97]--son->valuestring = root
[2022-09-11 14:11:33]--[common/cfg.c:32]--2fopen err
[2022-09-11 14:11:33]--[common/cfg.c:97]--son->valuestring = root
[2022-09-11 14:11:33]--[common/cfg.c:32]--2fopen err
[2022-09-11 14:11:33]--[common/cfg.c:97]--son->valuestring = cloud_disk
[2022-09-11 14:11:33]--[common/cfg.c:32]--2fopen err
[2022-09-11 14:11:33]--[common/cfg.c:97]--son->valuestring = 127.0.0.1
[2022-09-11 14:11:33]--[common/cfg.c:32]--2fopen err
[2022-09-11 14:11:33]--[common/cfg.c:97]--son->valuestring = 6379
[2022-09-11 14:11:33]--[common/cfg.c:32]--2fopen err
[2022-09-11 14:11:33]--[common/cfg.c:97]--son->valuestring = 127.0.0.1
[2022-09-11 14:11:33]--[common/cfg.c:32]--2fopen err
[2022-09-11 14:11:33]--[common/cfg.c:97]--son->valuestring = 6379
[2022-09-11 14:11:33]--[common/cfg.c:32]--2fopen err
[2022-09-11 14:11:33]--[common/cfg.c:97]--son->valuestring = 127.0.0.1
[2022-09-11 14:11:33]--[common/cfg.c:32]--2fopen err
[2022-09-11 14:11:33]--[common/cfg.c:97]--son->valuestring = 6379
[2022-09-11 14:11:49]--[common/cfg.c:32]--2fopen err
[2022-09-11 14:11:49]--[common/cfg.c:97]--son->valuestring = 127.0.0.1
[2022-09-11 14:11:49]--[common/cfg.c:32]--2fopen err
[2022-09-11 14:11:49]--[common/cfg.c:97]--son->valuestring = 6379
[2022-09-11 14:11:49]--[common/cfg.c:32]--2fopen err
[2022-09-11 14:11:49]--[common/cfg.c:97]--son->valuestring = 127.0.0.1
[2022-09-11 14:11:49]--[common/cfg.c:32]--2fopen err
[2022-09-11 14:11:49]--[common/cfg.c:97]--son->valuestring = 6379
[2022-09-11 14:12:19]--[common/cfg.c:32]--2fopen err
[2022-09-11 14:12:19]--[common/cfg.c:97]--son->valuestring = 127.0.0.1
[2022-09-11 14:12:19]--[common/cfg.c:32]--2fopen err
[2022-09-11 14:12:19]--[common/cfg.c:97]--son->valuestring = 6379
[2022-09-11 14:12:19]--[common/cfg.c:32]--2fopen err
[2022-09-11 14:12:19]--[common/cfg.c:97]--son->valuestring = /etc/fdfs/client.conf
[2022-09-11 14:12:19]--[common/cfg.c:32]--2fopen err
[2022-09-11 14:12:19]--[common/cfg.c:97]--son->valuestring = /etc/fdfs/client.conf
[2022-09-11 14:12:19]--[common/cfg.c:32]--2fopen err
[2022-09-11 14:12:19]--[common/cfg.c:97]--son->valuestring = 8888
[2022-09-11 14:12:24]--[common/cfg.c:32]--2fopen err
[2022-09-11 14:12:24]--[common/cfg.c:97]--son->valuestring = 127.0.0.1
[2022-09-11 14:12:24]--[common/cfg.c:32]--2fopen err
[2022-09-11 14:12:24]--[common/cfg.c:97]--son->valuestring = 6379
[2022-09-11 14:12:24]--[common/cfg.c:32]--2fopen err
[2022-09-11 14:12:24]--[common/cfg.c:97]--son->valuestring = 127.0.0.1
[2022-09-11 14:12:24]--[common/cfg.c:32]--2fopen err
[2022-09-11 14:12:24]--[common/cfg.c:97]--son->valuestring = 6379
[2022-09-11 14:13:20]--[common/cfg.c:32]--2fopen err
[2022-09-11 14:13:20]--[common/cfg.c:97]--son->valuestring = 127.0.0.1
[2022-09-11 14:13:20]--[common/cfg.c:32]--2fopen err
[2022-09-11 14:13:20]--[common/cfg.c:97]--son->valuestring = 6379
[2022-09-11 14:13:51]--[common/cfg.c:32]--2fopen err
[2022-09-11 14:13:51]--[common/cfg.c:97]--son->valuestring = 127.0.0.1
[2022-09-11 14:13:51]--[common/cfg.c:32]--2fopen err
[2022-09-11 14:13:51]--[common/cfg.c:97]--son->valuestring = 6379
[2022-09-11 14:13:51]--[common/cfg.c:32]--2fopen err
[2022-09-11 14:13:51]--[common/cfg.c:97]--son->valuestring = 127.0.0.1
[2022-09-11 14:13:51]--[common/cfg.c:32]--2fopen err
[2022-09-11 14:13:51]--[common/cfg.c:97]--son->valuestring = 6379
[2022-09-11 14:19:55]--[common/cfg.c:32]--2fopen err
[2022-09-11 14:19:55]--[common/cfg.c:97]--son->valuestring = 127.0.0.1
[2022-09-11 14:19:55]--[common/cfg.c:32]--2fopen err
[2022-09-11 14:19:55]--[common/cfg.c:97]--son->valuestring = 6379
[2022-09-11 14:32:31]--[common/cfg.c:32]--2fopen err
[2022-09-11 14:32:31]--[common/cfg.c:97]--son->valuestring = root
[2022-09-11 14:32:31]--[common/cfg.c:32]--2fopen err
[2022-09-11 14:32:31]--[common/cfg.c:97]--son->valuestring = root
[2022-09-11 14:32:31]--[common/cfg.c:32]--2fopen err
[2022-09-11 14:32:31]--[common/cfg.c:97]--son->valuestring = cloud_disk
[2022-09-11 14:32:31]--[common/cfg.c:32]--2fopen err
[2022-09-11 14:32:31]--[common/cfg.c:97]--son->valuestring = root
[2022-09-11 14:32:31]--[common/cfg.c:32]--2fopen err
[2022-09-11 14:32:31]--[common/cfg.c:97]--son->valuestring = root
[2022-09-11 14:32:31]--[common/cfg.c:32]--2fopen err
[2022-09-11 14:32:31]--[common/cfg.c:97]--son->valuestring = cloud_disk
[2022-09-11 14:32:31]--[common/cfg.c:32]--2fopen err
[2022-09-11 14:32:31]--[common/cfg.c:97]--son->valuestring = root
[2022-09-11 14:32:31]--[common/cfg.c:32]--2fopen err
[2022-09-11 14:32:31]--[common/cfg.c:97]--son->valuestring = root
[2022-09-11 14:32:31]--[common/cfg.c:32]--2fopen err
[2022-09-11 14:32:31]--[common/cfg.c:97]--son->valuestring = cloud_disk
[2022-09-11 14:32:31]--[common/cfg.c:32]--2fopen err
[2022-09-11 14:32:31]--[common/cfg.c:97]--son->valuestring = root
[2022-09-11 14:32:31]--[common/cfg.c:32]--2fopen err
[2022-09-11 14:32:31]--[common/cfg.c:97]--son->valuestring = root
[2022-09-11 14:32:31]--[common/cfg.c:32]--2fopen err
[2022-09-11 14:32:31]--[common/cfg.c:97]--son->valuestring = cloud_disk
[2022-09-11 14:32:31]--[common/cfg.c:32]--2fopen err
[2022-09-11 14:32:31]--[common/cfg.c:97]--son->valuestring = 127.0.0.1
[2022-09-11 14:32:31]--[common/cfg.c:32]--2fopen err
[2022-09-11 14:32:31]--[common/cfg.c:97]--son->valuestring = 6379
[2022-09-11 14:32:31]--[common/cfg.c:32]--2fopen err
[2022-09-11 14:32:31]--[common/cfg.c:97]--son->valuestring = root
[2022-09-11 14:32:31]--[common/cfg.c:32]--2fopen err
[2022-09-11 14:32:31]--[common/cfg.c:97]--son->valuestring = root
[2022-09-11 14:32:31]--[common/cfg.c:32]--2fopen err
[2022-09-11 14:32:31]--[common/cfg.c:97]--son->valuestring = cloud_disk
[2022-09-11 14:32:31]--[common/cfg.c:32]--2fopen err
[2022-09-11 14:32:31]--[common/cfg.c:97]--son->valuestring = 127.0.0.1
[2022-09-11 14:32:31]--[common/cfg.c:32]--2fopen err
[2022-09-11 14:32:31]--[common/cfg.c:97]--son->valuestring = 6379
[2022-09-11 14:32:31]--[common/cfg.c:32]--2fopen err
[2022-09-11 14:32:31]--[common/cfg.c:97]--son->valuestring = root
[2022-09-11 14:32:31]--[common/cfg.c:32]--2fopen err
[2022-09-11 14:32:31]--[common/cfg.c:97]--son->valuestring = root
[2022-09-11 14:32:31]--[common/cfg.c:32]--2fopen err
[2022-09-11 14:32:31]--[common/cfg.c:97]--son->valuestring = cloud_disk
[2022-09-11 14:32:31]--[common/cfg.c:32]--2fopen err
[2022-09-11 14:32:31]--[common/cfg.c:97]--son->valuestring = 127.0.0.1
[2022-09-11 14:32:31]--[common/cfg.c:32]--2fopen err
[2022-09-11 14:32:31]--[common/cfg.c:97]--son->valuestring = 6379
[2022-09-11 14:32:39]--[common/cfg.c:32]--2fopen err
[2022-09-11 14:32:39]--[common/cfg.c:97]--son->valuestring = 127.0.0.1
[2022-09-11 14:32:39]--[common/cfg.c:32]--2fopen err
[2022-09-11 14:32:39]--[common/cfg.c:97]--son->valuestring = 6379
[2022-09-11 14:32:39]--[common/cfg.c:32]--2fopen err
[2022-09-11 14:32:39]--[common/cfg.c:97]--son->valuestring = 127.0.0.1
[2022-09-11 14:32:39]--[common/cfg.c:32]--2fopen err
[2022-09-11 14:32:39]--[common/cfg.c:97]--son->valuestring = 6379
[2022-09-11 14:32:57]--[common/cfg.c:32]--2fopen err
[2022-09-11 14:32:57]--[common/cfg.c:97]--son->valuestring = root
[2022-09-11 14:32:57]--[common/cfg.c:32]--2fopen err
[2022-09-11 14:32:57]--[common/cfg.c:97]--son->valuestring = root
[2022-09-11 14:32:57]--[common/cfg.c:32]--2fopen err
[2022-09-11 14:32:57]--[common/cfg.c:97]--son->valuestring = cloud_disk
[2022-09-11 14:32:57]--[common/cfg.c:32]--2fopen err
[2022-09-11 14:32:57]--[common/cfg.c:97]--son->valuestring = 127.0.0.1
[2022-09-11 14:32:57]--[common/cfg.c:32]--2fopen err
[2022-09-11 14:32:57]--[common/cfg.c:97]--son->valuestring = 6379
[2022-09-11 14:32:57]--[common/cfg.c:32]--2fopen err
[2022-09-11 14:32:57]--[common/cfg.c:97]--son->valuestring = 127.0.0.1
[2022-09-11 14:32:57]--[common/cfg.c:32]--2fopen err
[2022-09-11 14:32:57]--[common/cfg.c:97]--son->valuestring = 6379
[2022-09-11 14:32:57]--[common/cfg.c:32]--2fopen err
[2022-09-11 14:32:57]--[common/cfg.c:97]--son->valuestring = 127.0.0.1
[2022-09-11 14:32:57]--[common/cfg.c:32]--2fopen err
[2022-09-11 14:32:57]--[common/cfg.c:97]--son->valuestring = 6379
[2022-09-11 14:32:58]--[common/cfg.c:32]--2fopen err
[2022-09-11 14:32:58]--[common/cfg.c:97]--son->valuestring = 127.0.0.1
[2022-09-11 14:32:58]--[common/cfg.c:32]--2fopen err
[2022-09-11 14:32:58]--[common/cfg.c:97]--son->valuestring = 6379
[2022-09-11 14:32:59]--[common/cfg.c:32]--2fopen err
[2022-09-11 14:32:59]--[common/cfg.c:97]--son->valuestring = 127.0.0.1
[2022-09-11 14:32:59]--[common/cfg.c:32]--2fopen err
[2022-09-11 14:32:59]--[common/cfg.c:97]--son->valuestring = 6379
[2022-09-11 14:33:05]--[common/cfg.c:32]--2fopen err
[2022-09-11 14:33:05]--[common/cfg.c:97]--son->valuestring = 127.0.0.1
[2022-09-11 14:33:05]--[common/cfg.c:32]--2fopen err
[2022-09-11 14:33:05]--[common/cfg.c:97]--son->valuestring = 6379
[2022-09-11 14:33:05]--[common/cfg.c:32]--2fopen err
[2022-09-11 14:33:05]--[common/cfg.c:97]--son->valuestring = 127.0.0.1
[2022-09-11 14:33:05]--[common/cfg.c:32]--2fopen err
[2022-09-11 14:33:05]--[common/cfg.c:97]--son->valuestring = 6379
[2022-09-11 14:35:54]--[common/cfg.c:32]--2fopen err
[2022-09-11 14:35:54]--[common/cfg.c:97]--son->valuestring = root
[2022-09-11 14:35:54]--[common/cfg.c:32]--2fopen err
[2022-09-11 14:35:54]--[common/cfg.c:97]--son->valuestring = root
[2022-09-11 14:35:54]--[common/cfg.c:32]--2fopen err
[2022-09-11 14:35:54]--[common/cfg.c:97]--son->valuestring = cloud_disk
[2022-09-11 14:35:54]--[common/cfg.c:32]--2fopen err
[2022-09-11 14:35:54]--[common/cfg.c:97]--son->valuestring = root
[2022-09-11 14:35:54]--[common/cfg.c:32]--2fopen err
[2022-09-11 14:35:54]--[common/cfg.c:97]--son->valuestring = root
[2022-09-11 14:35:54]--[common/cfg.c:32]--2fopen err
[2022-09-11 14:35:54]--[common/cfg.c:97]--son->valuestring = cloud_disk
[2022-09-11 14:35:54]--[common/cfg.c:32]--2fopen err
[2022-09-11 14:35:54]--[common/cfg.c:97]--son->valuestring = root
[2022-09-11 14:35:54]--[common/cfg.c:32]--2fopen err
[2022-09-11 14:35:54]--[common/cfg.c:97]--son->valuestring = root
[2022-09-11 14:35:54]--[common/cfg.c:32]--2fopen err
[2022-09-11 14:35:54]--[common/cfg.c:97]--son->valuestring = cloud_disk
[2022-09-11 14:35:54]--[common/cfg.c:32]--2fopen err
[2022-09-11 14:35:54]--[common/cfg.c:97]--son->valuestring = root
[2022-09-11 14:35:54]--[common/cfg.c:32]--2fopen err
[2022-09-11 14:35:54]--[common/cfg.c:97]--son->valuestring = root
[2022-09-11 14:35:54]--[common/cfg.c:32]--2fopen err
[2022-09-11 14:35:54]--[common/cfg.c:97]--son->valuestring = cloud_disk
[2022-09-11 14:35:54]--[common/cfg.c:32]--2fopen err
[2022-09-11 14:35:54]--[common/cfg.c:97]--son->valuestring = 127.0.0.1
[2022-09-11 14:35:54]--[common/cfg.c:32]--2fopen err
[2022-09-11 14:35:54]--[common/cfg.c:97]--son->valuestring = 6379
[2022-09-11 14:35:54]--[common/cfg.c:32]--2fopen err
[2022-09-11 14:35:54]--[common/cfg.c:97]--son->valuestring = root
[2022-09-11 14:35:54]--[common/cfg.c:32]--2fopen err
[2022-09-11 14:35:54]--[common/cfg.c:97]--son->valuestring = root
[2022-09-11 14:35:54]--[common/cfg.c:32]--2fopen err
[2022-09-11 14:35:54]--[common/cfg.c:97]--son->valuestring = cloud_disk
[2022-09-11 14:35:54]--[common/cfg.c:32]--2fopen err
[2022-09-11 14:35:54]--[common/cfg.c:97]--son->valuestring = 127.0.0.1
[2022-09-11 14:35:54]--[common/cfg.c:32]--2fopen err
[2022-09-11 14:35:54]--[common/cfg.c:97]--son->valuestring = 6379
[2022-09-11 14:35:54]--[common/cfg.c:32]--2fopen err
[2022-09-11 14:35:54]--[common/cfg.c:97]--son->valuestring = root
[2022-09-11 14:35:54]--[common/cfg.c:32]--2fopen err
[2022-09-11 14:35:54]--[common/cfg.c:97]--son->valuestring = root
[2022-09-11 14:35:54]--[common/cfg.c:32]--2fopen err
[2022-09-11 14:35:54]--[common/cfg.c:97]--son->valuestring = cloud_disk
[2022-09-11 14:35:54]--[common/cfg.c:32]--2fopen err
[2022-09-11 14:35:54]--[common/cfg.c:97]--son->valuestring = 127.0.0.1
[2022-09-11 14:35:54]--[common/cfg.c:32]--2fopen err
[2022-09-11 14:35:54]--[common/cfg.c:97]--son->valuestring = 6379
[2022-09-11 14:36:00]--[common/cfg.c:32]--2fopen err
[2022-09-11 14:36:00]--[common/cfg.c:97]--son->valuestring = root
[2022-09-11 14:36:00]--[common/cfg.c:32]--2fopen err
[2022-09-11 14:36:00]--[common/cfg.c:97]--son->valuestring = root
[2022-09-11 14:36:00]--[common/cfg.c:32]--2fopen err
[2022-09-11 14:36:00]--[common/cfg.c:97]--son->valuestring = cloud_disk
[2022-09-11 14:36:00]--[common/cfg.c:32]--2fopen err
[2022-09-11 14:36:00]--[common/cfg.c:97]--son->valuestring = 127.0.0.1
[2022-09-11 14:36:00]--[common/cfg.c:32]--2fopen err
[2022-09-11 14:36:00]--[common/cfg.c:97]--son->valuestring = 6379
[2022-09-11 14:36:01]--[common/cfg.c:32]--2fopen err
[2022-09-11 14:36:01]--[common/cfg.c:97]--son->valuestring = 127.0.0.1
[2022-09-11 14:36:01]--[common/cfg.c:32]--2fopen err
[2022-09-11 14:36:01]--[common/cfg.c:97]--son->valuestring = 6379
[2022-09-11 14:36:01]--[common/cfg.c:32]--2fopen err
[2022-09-11 14:36:01]--[common/cfg.c:97]--son->valuestring = 127.0.0.1
[2022-09-11 14:36:01]--[common/cfg.c:32]--2fopen err
[2022-09-11 14:36:01]--[common/cfg.c:97]--son->valuestring = 6379
[2022-09-11 14:36:02]--[common/cfg.c:32]--2fopen err
[2022-09-11 14:36:02]--[common/cfg.c:97]--son->valuestring = 127.0.0.1
[2022-09-11 14:36:02]--[common/cfg.c:32]--2fopen err
[2022-09-11 14:36:02]--[common/cfg.c:97]--son->valuestring = 6379
[2022-09-11 14:36:03]--[common/cfg.c:32]--2fopen err
[2022-09-11 14:36:03]--[common/cfg.c:97]--son->valuestring = 127.0.0.1
[2022-09-11 14:36:03]--[common/cfg.c:32]--2fopen err
[2022-09-11 14:36:03]--[common/cfg.c:97]--son->valuestring = 6379
[2022-09-11 14:47:39]--[common/cfg.c:32]--2fopen err
[2022-09-11 14:47:39]--[common/cfg.c:97]--son->valuestring = root
[2022-09-11 14:47:39]--[common/cfg.c:32]--2fopen err
[2022-09-11 14:47:39]--[common/cfg.c:97]--son->valuestring = root
[2022-09-11 14:47:39]--[common/cfg.c:32]--2fopen err
[2022-09-11 14:47:39]--[common/cfg.c:97]--son->valuestring = cloud_disk
[2022-09-11 14:47:39]--[common/cfg.c:32]--2fopen err
[2022-09-11 14:47:39]--[common/cfg.c:97]--son->valuestring = root
[2022-09-11 14:47:39]--[common/cfg.c:32]--2fopen err
[2022-09-11 14:47:39]--[common/cfg.c:97]--son->valuestring = root
[2022-09-11 14:47:39]--[common/cfg.c:32]--2fopen err
[2022-09-11 14:47:39]--[common/cfg.c:97]--son->valuestring = cloud_disk
[2022-09-11 14:47:39]--[common/cfg.c:32]--2fopen err
[2022-09-11 14:47:39]--[common/cfg.c:97]--son->valuestring = root
[2022-09-11 14:47:39]--[common/cfg.c:32]--2fopen err
[2022-09-11 14:47:39]--[common/cfg.c:97]--son->valuestring = root
[2022-09-11 14:47:39]--[common/cfg.c:32]--2fopen err
[2022-09-11 14:47:39]--[common/cfg.c:97]--son->valuestring = cloud_disk
[2022-09-11 14:47:39]--[common/cfg.c:32]--2fopen err
[2022-09-11 14:47:39]--[common/cfg.c:97]--son->valuestring = root
[2022-09-11 14:47:39]--[common/cfg.c:32]--2fopen err
[2022-09-11 14:47:39]--[common/cfg.c:97]--son->valuestring = root
[2022-09-11 14:47:39]--[common/cfg.c:32]--2fopen err
[2022-09-11 14:47:39]--[common/cfg.c:97]--son->valuestring = cloud_disk
[2022-09-11 14:47:39]--[common/cfg.c:32]--2fopen err
[2022-09-11 14:47:39]--[common/cfg.c:97]--son->valuestring = 127.0.0.1
[2022-09-11 14:47:39]--[common/cfg.c:32]--2fopen err
[2022-09-11 14:47:39]--[common/cfg.c:97]--son->valuestring = 6379
[2022-09-11 14:47:39]--[common/cfg.c:32]--2fopen err
[2022-09-11 14:47:39]--[common/cfg.c:97]--son->valuestring = root
[2022-09-11 14:47:39]--[common/cfg.c:32]--2fopen err
[2022-09-11 14:47:39]--[common/cfg.c:97]--son->valuestring = root
[2022-09-11 14:47:39]--[common/cfg.c:32]--2fopen err
[2022-09-11 14:47:39]--[common/cfg.c:97]--son->valuestring = cloud_disk
[2022-09-11 14:47:39]--[common/cfg.c:32]--2fopen err
[2022-09-11 14:47:39]--[common/cfg.c:97]--son->valuestring = 127.0.0.1
[2022-09-11 14:47:39]--[common/cfg.c:32]--2fopen err
[2022-09-11 14:47:39]--[common/cfg.c:97]--son->valuestring = 6379
[2022-09-11 14:47:40]--[common/cfg.c:32]--2fopen err
[2022-09-11 14:47:40]--[common/cfg.c:97]--son->valuestring = root
[2022-09-11 14:47:40]--[common/cfg.c:32]--2fopen err
[2022-09-11 14:47:40]--[common/cfg.c:97]--son->valuestring = root
[2022-09-11 14:47:40]--[common/cfg.c:32]--2fopen err
[2022-09-11 14:47:40]--[common/cfg.c:97]--son->valuestring = cloud_disk
[2022-09-11 14:47:40]--[common/cfg.c:32]--2fopen err
[2022-09-11 14:47:40]--[common/cfg.c:97]--son->valuestring = 127.0.0.1
[2022-09-11 14:47:40]--[common/cfg.c:32]--2fopen err
[2022-09-11 14:47:40]--[common/cfg.c:97]--son->valuestring = 6379
[2022-09-11 14:47:59]--[common/cfg.c:32]--2fopen err
[2022-09-11 14:47:59]--[common/cfg.c:97]--son->valuestring = root
[2022-09-11 14:47:59]--[common/cfg.c:32]--2fopen err
[2022-09-11 14:47:59]--[common/cfg.c:97]--son->valuestring = root
[2022-09-11 14:47:59]--[common/cfg.c:32]--2fopen err
[2022-09-11 14:47:59]--[common/cfg.c:97]--son->valuestring = cloud_disk
[2022-09-11 14:47:59]--[common/cfg.c:32]--2fopen err
[2022-09-11 14:47:59]--[common/cfg.c:97]--son->valuestring = 127.0.0.1
[2022-09-11 14:47:59]--[common/cfg.c:32]--2fopen err
[2022-09-11 14:47:59]--[common/cfg.c:97]--son->valuestring = 6379
[2022-09-11 14:47:59]--[common/cfg.c:32]--2fopen err
[2022-09-11 14:47:59]--[common/cfg.c:97]--son->valuestring = 127.0.0.1
[2022-09-11 14:47:59]--[common/cfg.c:32]--2fopen err
[2022-09-11 14:47:59]--[common/cfg.c:97]--son->valuestring = 6379
[2022-09-11 14:47:59]--[common/cfg.c:32]--2fopen err
[2022-09-11 14:47:59]--[common/cfg.c:97]--son->valuestring = 127.0.0.1
[2022-09-11 14:47:59]--[common/cfg.c:32]--2fopen err
[2022-09-11 14:47:59]--[common/cfg.c:97]--son->valuestring = 6379
[2022-09-11 14:48:04]--[common/cfg.c:32]--2fopen err
[2022-09-11 14:48:04]--[common/cfg.c:97]--son->valuestring = 127.0.0.1
[2022-09-11 14:48:04]--[common/cfg.c:32]--2fopen err
[2022-09-11 14:48:04]--[common/cfg.c:97]--son->valuestring = 6379
[2022-09-11 14:48:04]--[common/cfg.c:32]--2fopen err
[2022-09-11 14:48:04]--[common/cfg.c:97]--son->valuestring = 127.0.0.1
[2022-09-11 14:48:04]--[common/cfg.c:32]--2fopen err
[2022-09-11 14:48:04]--[common/cfg.c:97]--son->valuestring = 6379
[2022-09-11 14:48:13]--[common/cfg.c:32]--2fopen err
[2022-09-11 14:48:13]--[common/cfg.c:97]--son->valuestring = 127.0.0.1
[2022-09-11 14:48:13]--[common/cfg.c:32]--2fopen err
[2022-09-11 14:48:13]--[common/cfg.c:97]--son->valuestring = 6379
[2022-09-11 14:48:16]--[common/cfg.c:32]--2fopen err
[2022-09-11 14:48:16]--[common/cfg.c:97]--son->valuestring = /etc/fdfs/client.conf
[2022-09-11 14:48:18]--[common/cfg.c:32]--2fopen err
[2022-09-11 14:48:18]--[common/cfg.c:97]--son->valuestring = /etc/fdfs/client.conf
[2022-09-11 14:48:18]--[common/cfg.c:32]--2fopen err
[2022-09-11 14:48:18]--[common/cfg.c:97]--son->valuestring = 8888
[2022-09-11 14:48:22]--[common/cfg.c:32]--2fopen err
[2022-09-11 14:48:22]--[common/cfg.c:97]--son->valuestring = 127.0.0.1
[2022-09-11 14:48:22]--[common/cfg.c:32]--2fopen err
[2022-09-11 14:48:22]--[common/cfg.c:97]--son->valuestring = 6379
[2022-09-11 14:48:22]--[common/cfg.c:32]--2fopen err
[2022-09-11 14:48:22]--[common/cfg.c:97]--son->valuestring = 127.0.0.1
[2022-09-11 14:48:22]--[common/cfg.c:32]--2fopen err
[2022-09-11 14:48:22]--[common/cfg.c:97]--son->valuestring = 6379
[2022-09-11 14:48:26]--[common/cfg.c:32]--2fopen err
[2022-09-11 14:48:26]--[common/cfg.c:97]--son->valuestring = 127.0.0.1
[2022-09-11 14:48:26]--[common/cfg.c:32]--2fopen err
[2022-09-11 14:48:26]--[common/cfg.c:97]--son->valuestring = 6379
[2022-09-11 14:48:26]--[common/cfg.c:32]--2fopen err
[2022-09-11 14:48:26]--[common/cfg.c:97]--son->valuestring = 127.0.0.1
[2022-09-11 14:48:26]--[common/cfg.c:32]--2fopen err
[2022-09-11 14:48:26]--[common/cfg.c:97]--son->valuestring = 6379
[2022-09-11 14:48:31]--[common/cfg.c:32]--2fopen err
[2022-09-11 14:48:31]--[common/cfg.c:97]--son->valuestring = 127.0.0.1
[2022-09-11 14:48:31]--[common/cfg.c:32]--2fopen err
[2022-09-11 14:48:31]--[common/cfg.c:97]--son->valuestring = 6379
[2022-09-11 14:48:31]--[common/cfg.c:32]--2fopen err
[2022-09-11 14:48:31]--[common/cfg.c:97]--son->valuestring = 127.0.0.1
[2022-09-11 14:48:31]--[common/cfg.c:32]--2fopen err
[2022-09-11 14:48:31]--[common/cfg.c:97]--son->valuestring = 6379
[2022-09-11 14:48:39]--[common/cfg.c:32]--2fopen err
[2022-09-11 14:48:39]--[common/cfg.c:97]--son->valuestring = 127.0.0.1
[2022-09-11 14:48:39]--[common/cfg.c:32]--2fopen err
[2022-09-11 14:48:39]--[common/cfg.c:97]--son->valuestring = 6379
[2022-09-11 14:48:39]--[common/cfg.c:32]--2fopen err
[2022-09-11 14:48:39]--[common/cfg.c:97]--son->valuestring = /etc/fdfs/client.conf
[2022-09-11 14:48:39]--[common/cfg.c:32]--2fopen err
[2022-09-11 14:48:39]--[common/cfg.c:97]--son->valuestring = /etc/fdfs/client.conf
[2022-09-11 14:48:39]--[common/cfg.c:32]--2fopen err
[2022-09-11 14:48:39]--[common/cfg.c:97]--son->valuestring = 8888
[2022-09-11 14:48:47]--[common/cfg.c:32]--2fopen err
[2022-09-11 14:48:47]--[common/cfg.c:97]--son->valuestring = 127.0.0.1
[2022-09-11 14:48:47]--[common/cfg.c:32]--2fopen err
[2022-09-11 14:48:47]--[common/cfg.c:97]--son->valuestring = 6379
[2022-09-11 14:48:47]--[common/cfg.c:32]--2fopen err
[2022-09-11 14:48:47]--[common/cfg.c:97]--son->valuestring = 127.0.0.1
[2022-09-11 14:48:47]--[common/cfg.c:32]--2fopen err
[2022-09-11 14:48:47]--[common/cfg.c:97]--son->valuestring = 6379
[2022-09-11 14:48:51]--[common/cfg.c:32]--2fopen err
[2022-09-11 14:48:51]--[common/cfg.c:97]--son->valuestring = 127.0.0.1
[2022-09-11 14:48:51]--[common/cfg.c:32]--2fopen err
[2022-09-11 14:48:51]--[common/cfg.c:97]--son->valuestring = 6379
[2022-09-11 14:48:51]--[common/cfg.c:32]--2fopen err
[2022-09-11 14:48:51]--[common/cfg.c:97]--son->valuestring = 127.0.0.1
[2022-09-11 14:48:51]--[common/cfg.c:32]--2fopen err
[2022-09-11 14:48:51]--[common/cfg.c:97]--son->valuestring = 6379
[2022-09-11 14:49:01]--[common/cfg.c:32]--2fopen err
[2022-09-11 14:49:01]--[common/cfg.c:97]--son->valuestring = 127.0.0.1
[2022-09-11 14:49:01]--[common/cfg.c:32]--2fopen err
[2022-09-11 14:49:01]--[common/cfg.c:97]--son->valuestring = 6379
[2022-09-11 14:49:01]--[common/cfg.c:32]--2fopen err
[2022-09-11 14:49:01]--[common/cfg.c:97]--son->valuestring = 127.0.0.1
[2022-09-11 14:49:01]--[common/cfg.c:32]--2fopen err
[2022-09-11 14:49:01]--[common/cfg.c:97]--son->valuestring = 6379
[2022-09-11 15:52:52]--[common/cfg.c:32]--2fopen err
[2022-09-11 15:52:52]--[common/cfg.c:97]--son->valuestring = 127.0.0.1
[2022-09-11 15:52:52]--[common/cfg.c:32]--2fopen err
[2022-09-11 15:52:52]--[common/cfg.c:97]--son->valuestring = 6379
[2022-09-11 15:53:08]--[common/cfg.c:32]--2fopen err
[2022-09-11 15:53:08]--[common/cfg.c:97]--son->valuestring = root
[2022-09-11 15:53:08]--[common/cfg.c:32]--2fopen err
[2022-09-11 15:53:08]--[common/cfg.c:97]--son->valuestring = root
[2022-09-11 15:53:08]--[common/cfg.c:32]--2fopen err
[2022-09-11 15:53:08]--[common/cfg.c:97]--son->valuestring = cloud_disk
[2022-09-11 15:53:08]--[common/cfg.c:32]--2fopen err
[2022-09-11 15:53:08]--[common/cfg.c:97]--son->valuestring = 127.0.0.1
[2022-09-11 15:53:08]--[common/cfg.c:32]--2fopen err
[2022-09-11 15:53:08]--[common/cfg.c:97]--son->valuestring = 6379
[2022-09-11 15:53:08]--[common/cfg.c:32]--2fopen err
[2022-09-11 15:53:08]--[common/cfg.c:97]--son->valuestring = 127.0.0.1
[2022-09-11 15:53:08]--[common/cfg.c:32]--2fopen err
[2022-09-11 15:53:08]--[common/cfg.c:97]--son->valuestring = 6379
[2022-09-11 15:53:08]--[common/cfg.c:32]--2fopen err
[2022-09-11 15:53:08]--[common/cfg.c:97]--son->valuestring = 127.0.0.1
[2022-09-11 15:53:08]--[common/cfg.c:32]--2fopen err
[2022-09-11 15:53:08]--[common/cfg.c:97]--son->valuestring = 6379
[2022-09-11 15:53:11]--[common/cfg.c:32]--2fopen err
[2022-09-11 15:53:11]--[common/cfg.c:97]--son->valuestring = 127.0.0.1
[2022-09-11 15:53:11]--[common/cfg.c:32]--2fopen err
[2022-09-11 15:53:11]--[common/cfg.c:97]--son->valuestring = 6379
[2022-09-11 15:53:11]--[common/cfg.c:32]--2fopen err
[2022-09-11 15:53:11]--[common/cfg.c:97]--son->valuestring = 127.0.0.1
[2022-09-11 15:53:11]--[common/cfg.c:32]--2fopen err
[2022-09-11 15:53:11]--[common/cfg.c:97]--son->valuestring = 6379
[2022-09-11 15:53:14]--[common/cfg.c:32]--2fopen err
[2022-09-11 15:53:14]--[common/cfg.c:97]--son->valuestring = 127.0.0.1
[2022-09-11 15:53:14]--[common/cfg.c:32]--2fopen err
[2022-09-11 15:53:14]--[common/cfg.c:97]--son->valuestring = 6379
[2022-09-11 15:54:38]--[common/cfg.c:32]--2fopen err
[2022-09-11 15:54:38]--[common/cfg.c:97]--son->valuestring = root
[2022-09-11 15:54:38]--[common/cfg.c:32]--2fopen err
[2022-09-11 15:54:38]--[common/cfg.c:97]--son->valuestring = root
[2022-09-11 15:54:38]--[common/cfg.c:32]--2fopen err
[2022-09-11 15:54:38]--[common/cfg.c:97]--son->valuestring = cloud_disk
[2022-09-11 15:54:38]--[common/cfg.c:32]--2fopen err
[2022-09-11 15:54:38]--[common/cfg.c:97]--son->valuestring = 127.0.0.1
[2022-09-11 15:54:38]--[common/cfg.c:32]--2fopen err
[2022-09-11 15:54:38]--[common/cfg.c:97]--son->valuestring = 6379
[2022-09-11 15:54:38]--[common/cfg.c:32]--2fopen err
[2022-09-11 15:54:38]--[common/cfg.c:97]--son->valuestring = 127.0.0.1
[2022-09-11 15:54:38]--[common/cfg.c:32]--2fopen err
[2022-09-11 15:54:38]--[common/cfg.c:97]--son->valuestring = 6379
[2022-09-11 16:18:24]--[common/cfg.c:32]--2fopen err
[2022-09-11 16:18:24]--[common/cfg.c:97]--son->valuestring = root
[2022-09-11 16:18:24]--[common/cfg.c:32]--2fopen err
[2022-09-11 16:18:24]--[common/cfg.c:97]--son->valuestring = root
[2022-09-11 16:18:24]--[common/cfg.c:32]--2fopen err
[2022-09-11 16:18:24]--[common/cfg.c:97]--son->valuestring = cloud_disk
[2022-09-11 16:18:24]--[common/cfg.c:32]--2fopen err
[2022-09-11 16:18:24]--[common/cfg.c:97]--son->valuestring = 127.0.0.1
[2022-09-11 16:18:24]--[common/cfg.c:32]--2fopen err
[2022-09-11 16:18:24]--[common/cfg.c:97]--son->valuestring = 6379
[2022-09-11 16:18:24]--[common/cfg.c:32]--2fopen err
[2022-09-11 16:18:24]--[common/cfg.c:97]--son->valuestring = 127.0.0.1
[2022-09-11 16:18:24]--[common/cfg.c:32]--2fopen err
[2022-09-11 16:18:24]--[common/cfg.c:97]--son->valuestring = 6379
[2022-09-11 17:01:52]--[common/cfg.c:32]--2fopen err
[2022-09-11 17:01:52]--[common/cfg.c:97]--son->valuestring = root
[2022-09-11 17:01:52]--[common/cfg.c:32]--2fopen err
[2022-09-11 17:01:52]--[common/cfg.c:97]--son->valuestring = root
[2022-09-11 17:01:52]--[common/cfg.c:32]--2fopen err
[2022-09-11 17:01:52]--[common/cfg.c:97]--son->valuestring = cloud_disk
[2022-09-11 17:01:52]--[common/cfg.c:32]--2fopen err
[2022-09-11 17:01:52]--[common/cfg.c:97]--son->valuestring = root
[2022-09-11 17:01:52]--[common/cfg.c:32]--2fopen err
[2022-09-11 17:01:52]--[common/cfg.c:97]--son->valuestring = root
[2022-09-11 17:01:52]--[common/cfg.c:32]--2fopen err
[2022-09-11 17:01:52]--[common/cfg.c:97]--son->valuestring = cloud_disk
[2022-09-11 17:01:52]--[common/cfg.c:32]--2fopen err
[2022-09-11 17:01:52]--[common/cfg.c:97]--son->valuestring = root
[2022-09-11 17:01:52]--[common/cfg.c:32]--2fopen err
[2022-09-11 17:01:52]--[common/cfg.c:97]--son->valuestring = root
[2022-09-11 17:01:52]--[common/cfg.c:32]--2fopen err
[2022-09-11 17:01:52]--[common/cfg.c:97]--son->valuestring = cloud_disk
[2022-09-11 17:01:53]--[common/cfg.c:32]--2fopen err
[2022-09-11 17:01:53]--[common/cfg.c:97]--son->valuestring = root
[2022-09-11 17:01:53]--[common/cfg.c:32]--2fopen err
[2022-09-11 17:01:53]--[common/cfg.c:97]--son->valuestring = root
[2022-09-11 17:01:53]--[common/cfg.c:32]--2fopen err
[2022-09-11 17:01:53]--[common/cfg.c:97]--son->valuestring = cloud_disk
[2022-09-11 17:01:53]--[common/cfg.c:32]--2fopen err
[2022-09-11 17:01:53]--[common/cfg.c:97]--son->valuestring = 127.0.0.1
[2022-09-11 17:01:53]--[common/cfg.c:32]--2fopen err
[2022-09-11 17:01:53]--[common/cfg.c:97]--son->valuestring = 6379
[2022-09-11 17:01:53]--[common/cfg.c:32]--2fopen err
[2022-09-11 17:01:53]--[common/cfg.c:97]--son->valuestring = root
[2022-09-11 17:01:53]--[common/cfg.c:32]--2fopen err
[2022-09-11 17:01:53]--[common/cfg.c:97]--son->valuestring = root
[2022-09-11 17:01:53]--[common/cfg.c:32]--2fopen err
[2022-09-11 17:01:53]--[common/cfg.c:97]--son->valuestring = cloud_disk
[2022-09-11 17:01:53]--[common/cfg.c:32]--2fopen err
[2022-09-11 17:01:53]--[common/cfg.c:97]--son->valuestring = 127.0.0.1
[2022-09-11 17:01:53]--[common/cfg.c:32]--2fopen err
[2022-09-11 17:01:53]--[common/cfg.c:97]--son->valuestring = 6379
[2022-09-11 17:01:53]--[common/cfg.c:32]--2fopen err
[2022-09-11 17:01:53]--[common/cfg.c:97]--son->valuestring = root
[2022-09-11 17:01:53]--[common/cfg.c:32]--2fopen err
[2022-09-11 17:01:53]--[common/cfg.c:97]--son->valuestring = root
[2022-09-11 17:01:53]--[common/cfg.c:32]--2fopen err
[2022-09-11 17:01:53]--[common/cfg.c:97]--son->valuestring = cloud_disk
[2022-09-11 17:01:53]--[common/cfg.c:32]--2fopen err
[2022-09-11 17:01:53]--[common/cfg.c:97]--son->valuestring = 127.0.0.1
[2022-09-11 17:01:53]--[common/cfg.c:32]--2fopen err
[2022-09-11 17:01:53]--[common/cfg.c:97]--son->valuestring = 6379
[2022-09-11 17:02:22]--[common/cfg.c:32]--2fopen err
[2022-09-11 17:02:22]--[common/cfg.c:97]--son->valuestring = root
[2022-09-11 17:02:22]--[common/cfg.c:32]--2fopen err
[2022-09-11 17:02:22]--[common/cfg.c:97]--son->valuestring = root
[2022-09-11 17:02:22]--[common/cfg.c:32]--2fopen err
[2022-09-11 17:02:22]--[common/cfg.c:97]--son->valuestring = cloud_disk
[2022-09-11 17:02:22]--[common/cfg.c:32]--2fopen err
[2022-09-11 17:02:22]--[common/cfg.c:97]--son->valuestring = 127.0.0.1
[2022-09-11 17:02:22]--[common/cfg.c:32]--2fopen err
[2022-09-11 17:02:22]--[common/cfg.c:97]--son->valuestring = 6379
[2022-09-11 17:02:22]--[common/cfg.c:32]--2fopen err
[2022-09-11 17:02:22]--[common/cfg.c:97]--son->valuestring = 127.0.0.1
[2022-09-11 17:02:22]--[common/cfg.c:32]--2fopen err
[2022-09-11 17:02:22]--[common/cfg.c:97]--son->valuestring = 6379
[2022-09-11 17:03:52]--[common/cfg.c:32]--2fopen err
[2022-09-11 17:03:52]--[common/cfg.c:97]--son->valuestring = 127.0.0.1
[2022-09-11 17:03:52]--[common/cfg.c:32]--2fopen err
[2022-09-11 17:03:52]--[common/cfg.c:97]--son->valuestring = 6379
[2022-09-11 17:04:14]--[common/cfg.c:32]--2fopen err
[2022-09-11 17:04:14]--[common/cfg.c:97]--son->valuestring = 127.0.0.1
[2022-09-11 17:04:14]--[common/cfg.c:32]--2fopen err
[2022-09-11 17:04:14]--[common/cfg.c:97]--son->valuestring = 6379
[2022-09-11 17:04:14]--[common/cfg.c:32]--2fopen err
[2022-09-11 17:04:14]--[common/cfg.c:97]--son->valuestring = /etc/fdfs/client.conf
[2022-09-11 17:04:14]--[common/cfg.c:32]--2fopen err
[2022-09-11 17:04:14]--[common/cfg.c:97]--son->valuestring = /etc/fdfs/client.conf
[2022-09-11 17:04:14]--[common/cfg.c:32]--2fopen err
[2022-09-11 17:04:14]--[common/cfg.c:97]--son->valuestring = 80
[2022-09-11 17:04:17]--[common/cfg.c:32]--2fopen err
[2022-09-11 17:04:17]--[common/cfg.c:97]--son->valuestring = 127.0.0.1
[2022-09-11 17:04:17]--[common/cfg.c:32]--2fopen err
[2022-09-11 17:04:17]--[common/cfg.c:97]--son->valuestring = 6379
[2022-09-11 17:04:18]--[common/cfg.c:32]--2fopen err
[2022-09-11 17:04:18]--[common/cfg.c:97]--son->valuestring = 127.0.0.1
[2022-09-11 17:04:18]--[common/cfg.c:32]--2fopen err
[2022-09-11 17:04:18]--[common/cfg.c:97]--son->valuestring = 6379
[2022-09-11 17:05:08]--[common/cfg.c:32]--2fopen err
[2022-09-11 17:05:08]--[common/cfg.c:97]--son->valuestring = 127.0.0.1
[2022-09-11 17:05:08]--[common/cfg.c:32]--2fopen err
[2022-09-11 17:05:08]--[common/cfg.c:97]--son->valuestring = 6379
[2022-09-11 17:16:33]--[common/cfg.c:32]--2fopen err
[2022-09-11 17:16:33]--[common/cfg.c:97]--son->valuestring = root
[2022-09-11 17:16:33]--[common/cfg.c:32]--2fopen err
[2022-09-11 17:16:33]--[common/cfg.c:97]--son->valuestring = root
[2022-09-11 17:16:33]--[common/cfg.c:32]--2fopen err
[2022-09-11 17:16:33]--[common/cfg.c:97]--son->valuestring = cloud_disk
[2022-09-11 17:16:33]--[common/cfg.c:32]--2fopen err
[2022-09-11 17:16:33]--[common/cfg.c:97]--son->valuestring = root
[2022-09-11 17:16:33]--[common/cfg.c:32]--2fopen err
[2022-09-11 17:16:33]--[common/cfg.c:97]--son->valuestring = root
[2022-09-11 17:16:33]--[common/cfg.c:32]--2fopen err
[2022-09-11 17:16:33]--[common/cfg.c:97]--son->valuestring = cloud_disk
[2022-09-11 17:16:33]--[common/cfg.c:32]--2fopen err
[2022-09-11 17:16:33]--[common/cfg.c:97]--son->valuestring = root
[2022-09-11 17:16:33]--[common/cfg.c:32]--2fopen err
[2022-09-11 17:16:33]--[common/cfg.c:97]--son->valuestring = root
[2022-09-11 17:16:33]--[common/cfg.c:32]--2fopen err
[2022-09-11 17:16:33]--[common/cfg.c:97]--son->valuestring = cloud_disk
[2022-09-11 17:16:33]--[common/cfg.c:32]--2fopen err
[2022-09-11 17:16:33]--[common/cfg.c:97]--son->valuestring = root
[2022-09-11 17:16:33]--[common/cfg.c:32]--2fopen err
[2022-09-11 17:16:33]--[common/cfg.c:97]--son->valuestring = root
[2022-09-11 17:16:33]--[common/cfg.c:32]--2fopen err
[2022-09-11 17:16:33]--[common/cfg.c:97]--son->valuestring = cloud_disk
[2022-09-11 17:16:33]--[common/cfg.c:32]--2fopen err
[2022-09-11 17:16:33]--[common/cfg.c:97]--son->valuestring = 127.0.0.1
[2022-09-11 17:16:33]--[common/cfg.c:32]--2fopen err
[2022-09-11 17:16:33]--[common/cfg.c:97]--son->valuestring = 6379
[2022-09-11 17:16:33]--[common/cfg.c:32]--2fopen err
[2022-09-11 17:16:33]--[common/cfg.c:97]--son->valuestring = root
[2022-09-11 17:16:33]--[common/cfg.c:32]--2fopen err
[2022-09-11 17:16:33]--[common/cfg.c:97]--son->valuestring = root
[2022-09-11 17:16:33]--[common/cfg.c:32]--2fopen err
[2022-09-11 17:16:33]--[common/cfg.c:97]--son->valuestring = cloud_disk
[2022-09-11 17:16:33]--[common/cfg.c:32]--2fopen err
[2022-09-11 17:16:33]--[common/cfg.c:97]--son->valuestring = 127.0.0.1
[2022-09-11 17:16:33]--[common/cfg.c:32]--2fopen err
[2022-09-11 17:16:33]--[common/cfg.c:97]--son->valuestring = 6379
[2022-09-11 17:16:33]--[common/cfg.c:32]--2fopen err
[2022-09-11 17:16:33]--[common/cfg.c:97]--son->valuestring = root
[2022-09-11 17:16:33]--[common/cfg.c:32]--2fopen err
[2022-09-11 17:16:33]--[common/cfg.c:97]--son->valuestring = root
[2022-09-11 17:16:33]--[common/cfg.c:32]--2fopen err
[2022-09-11 17:16:33]--[common/cfg.c:97]--son->valuestring = cloud_disk
[2022-09-11 17:16:33]--[common/cfg.c:32]--2fopen err
[2022-09-11 17:16:33]--[common/cfg.c:97]--son->valuestring = 127.0.0.1
[2022-09-11 17:16:33]--[common/cfg.c:32]--2fopen err
[2022-09-11 17:16:33]--[common/cfg.c:97]--son->valuestring = 6379
[2022-09-11 17:17:19]--[common/cfg.c:32]--2fopen err
[2022-09-11 17:17:19]--[common/cfg.c:97]--son->valuestring = root
[2022-09-11 17:17:19]--[common/cfg.c:32]--2fopen err
[2022-09-11 17:17:19]--[common/cfg.c:97]--son->valuestring = root
[2022-09-11 17:17:19]--[common/cfg.c:32]--2fopen err
[2022-09-11 17:17:19]--[common/cfg.c:97]--son->valuestring = cloud_disk
[2022-09-11 17:17:19]--[common/cfg.c:32]--2fopen err
[2022-09-11 17:17:19]--[common/cfg.c:97]--son->valuestring = 127.0.0.1
[2022-09-11 17:17:19]--[common/cfg.c:32]--2fopen err
[2022-09-11 17:17:19]--[common/cfg.c:97]--son->valuestring = 6379
[2022-09-11 17:17:20]--[common/cfg.c:32]--2fopen err
[2022-09-11 17:17:20]--[common/cfg.c:97]--son->valuestring = 127.0.0.1
[2022-09-11 17:17:20]--[common/cfg.c:32]--2fopen err
[2022-09-11 17:17:20]--[common/cfg.c:97]--son->valuestring = 6379
[2022-09-11 17:17:20]--[common/cfg.c:32]--2fopen err
[2022-09-11 17:17:20]--[common/cfg.c:97]--son->valuestring = 127.0.0.1
[2022-09-11 17:17:20]--[common/cfg.c:32]--2fopen err
[2022-09-11 17:17:20]--[common/cfg.c:97]--son->valuestring = 6379
[2022-09-11 17:17:56]--[common/cfg.c:32]--2fopen err
[2022-09-11 17:17:56]--[common/cfg.c:97]--son->valuestring = 127.0.0.1
[2022-09-11 17:17:56]--[common/cfg.c:32]--2fopen err
[2022-09-11 17:17:56]--[common/cfg.c:97]--son->valuestring = 6379
[2022-09-11 17:17:56]--[common/cfg.c:32]--2fopen err
[2022-09-11 17:17:56]--[common/cfg.c:97]--son->valuestring = /etc/fdfs/client.conf
[2022-09-11 17:17:56]--[common/cfg.c:32]--2fopen err
[2022-09-11 17:17:56]--[common/cfg.c:97]--son->valuestring = /etc/fdfs/client.conf
[2022-09-11 17:17:56]--[common/cfg.c:32]--2fopen err
[2022-09-11 17:17:56]--[common/cfg.c:97]--son->valuestring = 80
[2022-09-11 17:18:02]--[common/cfg.c:32]--2fopen err
[2022-09-11 17:18:02]--[common/cfg.c:97]--son->valuestring = 127.0.0.1
[2022-09-11 17:18:02]--[common/cfg.c:32]--2fopen err
[2022-09-11 17:18:02]--[common/cfg.c:97]--son->valuestring = 6379
[2022-09-11 17:18:02]--[common/cfg.c:32]--2fopen err
[2022-09-11 17:18:02]--[common/cfg.c:97]--son->valuestring = 127.0.0.1
[2022-09-11 17:18:02]--[common/cfg.c:32]--2fopen err
[2022-09-11 17:18:02]--[common/cfg.c:97]--son->valuestring = 6379
[2022-09-11 17:18:10]--[common/cfg.c:32]--2fopen err
[2022-09-11 17:18:10]--[common/cfg.c:97]--son->valuestring = 127.0.0.1
[2022-09-11 17:18:10]--[common/cfg.c:32]--2fopen err
[2022-09-11 17:18:10]--[common/cfg.c:97]--son->valuestring = 6379
