[2022-09-10 12:47:21]--[common/cfg.c:32]--2fopen err
[2022-09-10 12:47:21]--[common/cfg.c:97]--son->valuestring = root
[2022-09-10 12:47:21]--[common/cfg.c:32]--2fopen err
[2022-09-10 12:47:21]--[common/cfg.c:97]--son->valuestring = root
[2022-09-10 12:47:21]--[common/cfg.c:32]--2fopen err
[2022-09-10 12:47:21]--[common/cfg.c:97]--son->valuestring = cloud_disk
[2022-09-10 12:47:21]--[common/cfg.c:32]--2fopen err
[2022-09-10 12:47:21]--[common/cfg.c:97]--son->valuestring = root
[2022-09-10 12:47:21]--[common/cfg.c:32]--2fopen err
[2022-09-10 12:47:21]--[common/cfg.c:97]--son->valuestring = root
[2022-09-10 12:47:21]--[common/cfg.c:32]--2fopen err
[2022-09-10 12:47:21]--[common/cfg.c:97]--son->valuestring = cloud_disk
[2022-09-10 12:47:21]--[common/cfg.c:32]--2fopen err
[2022-09-10 12:47:21]--[common/cfg.c:97]--son->valuestring = root
[2022-09-10 12:47:21]--[common/cfg.c:32]--2fopen err
[2022-09-10 12:47:21]--[common/cfg.c:97]--son->valuestring = root
[2022-09-10 12:47:21]--[common/cfg.c:32]--2fopen err
[2022-09-10 12:47:21]--[common/cfg.c:97]--son->valuestring = cloud_disk
[2022-09-10 12:47:22]--[common/cfg.c:32]--2fopen err
[2022-09-10 12:47:22]--[common/cfg.c:97]--son->valuestring = root
[2022-09-10 12:47:22]--[common/cfg.c:32]--2fopen err
[2022-09-10 12:47:22]--[common/cfg.c:97]--son->valuestring = root
[2022-09-10 12:47:22]--[common/cfg.c:32]--2fopen err
[2022-09-10 12:47:22]--[common/cfg.c:97]--son->valuestring = cloud_disk
[2022-09-10 12:47:22]--[common/cfg.c:32]--2fopen err
[2022-09-10 12:47:22]--[common/cfg.c:97]--son->valuestring = 127.0.0.1
[2022-09-10 12:47:22]--[common/cfg.c:32]--2fopen err
[2022-09-10 12:47:22]--[common/cfg.c:97]--son->valuestring = 6379
[2022-09-10 12:47:22]--[common/cfg.c:32]--2fopen err
[2022-09-10 12:47:22]--[common/cfg.c:97]--son->valuestring = root
[2022-09-10 12:47:22]--[common/cfg.c:32]--2fopen err
[2022-09-10 12:47:22]--[common/cfg.c:97]--son->valuestring = root
[2022-09-10 12:47:22]--[common/cfg.c:32]--2fopen err
[2022-09-10 12:47:22]--[common/cfg.c:97]--son->valuestring = cloud_disk
[2022-09-10 12:47:22]--[common/cfg.c:32]--2fopen err
[2022-09-10 12:47:22]--[common/cfg.c:97]--son->valuestring = 127.0.0.1
[2022-09-10 12:47:22]--[common/cfg.c:32]--2fopen err
[2022-09-10 12:47:22]--[common/cfg.c:97]--son->valuestring = 6379
[2022-09-10 12:47:22]--[common/cfg.c:32]--2fopen err
[2022-09-10 12:47:22]--[common/cfg.c:97]--son->valuestring = root
[2022-09-10 12:47:22]--[common/cfg.c:32]--2fopen err
[2022-09-10 12:47:22]--[common/cfg.c:97]--son->valuestring = root
[2022-09-10 12:47:22]--[common/cfg.c:32]--2fopen err
[2022-09-10 12:47:22]--[common/cfg.c:97]--son->valuestring = cloud_disk
[2022-09-10 12:47:22]--[common/cfg.c:32]--2fopen err
[2022-09-10 12:47:22]--[common/cfg.c:97]--son->valuestring = 127.0.0.1
[2022-09-10 12:47:22]--[common/cfg.c:32]--2fopen err
[2022-09-10 12:47:22]--[common/cfg.c:97]--son->valuestring = 6379
[2022-09-10 13:10:02]--[common/cfg.c:32]--2fopen err
[2022-09-10 13:10:02]--[common/cfg.c:97]--son->valuestring = root
[2022-09-10 13:10:02]--[common/cfg.c:32]--2fopen err
[2022-09-10 13:10:02]--[common/cfg.c:97]--son->valuestring = root
[2022-09-10 13:10:02]--[common/cfg.c:32]--2fopen err
[2022-09-10 13:10:02]--[common/cfg.c:97]--son->valuestring = cloud_disk
[2022-09-10 13:10:02]--[common/cfg.c:32]--2fopen err
[2022-09-10 13:10:02]--[common/cfg.c:97]--son->valuestring = root
[2022-09-10 13:10:02]--[common/cfg.c:32]--2fopen err
[2022-09-10 13:10:02]--[common/cfg.c:97]--son->valuestring = root
[2022-09-10 13:10:02]--[common/cfg.c:32]--2fopen err
[2022-09-10 13:10:02]--[common/cfg.c:97]--son->valuestring = cloud_disk
[2022-09-10 13:10:02]--[common/cfg.c:32]--2fopen err
[2022-09-10 13:10:02]--[common/cfg.c:97]--son->valuestring = root
[2022-09-10 13:10:02]--[common/cfg.c:32]--2fopen err
[2022-09-10 13:10:02]--[common/cfg.c:97]--son->valuestring = root
[2022-09-10 13:10:02]--[common/cfg.c:32]--2fopen err
[2022-09-10 13:10:02]--[common/cfg.c:97]--son->valuestring = cloud_disk
[2022-09-10 13:10:02]--[common/cfg.c:32]--2fopen err
[2022-09-10 13:10:02]--[common/cfg.c:97]--son->valuestring = root
[2022-09-10 13:10:02]--[common/cfg.c:32]--2fopen err
[2022-09-10 13:10:02]--[common/cfg.c:97]--son->valuestring = root
[2022-09-10 13:10:02]--[common/cfg.c:32]--2fopen err
[2022-09-10 13:10:02]--[common/cfg.c:97]--son->valuestring = cloud_disk
[2022-09-10 13:10:02]--[common/cfg.c:32]--2fopen err
[2022-09-10 13:10:02]--[common/cfg.c:97]--son->valuestring = 127.0.0.1
[2022-09-10 13:10:02]--[common/cfg.c:32]--2fopen err
[2022-09-10 13:10:02]--[common/cfg.c:97]--son->valuestring = 6379
[2022-09-10 13:10:02]--[common/cfg.c:32]--2fopen err
[2022-09-10 13:10:02]--[common/cfg.c:97]--son->valuestring = root
[2022-09-10 13:10:02]--[common/cfg.c:32]--2fopen err
[2022-09-10 13:10:02]--[common/cfg.c:97]--son->valuestring = root
[2022-09-10 13:10:02]--[common/cfg.c:32]--2fopen err
[2022-09-10 13:10:02]--[common/cfg.c:97]--son->valuestring = cloud_disk
[2022-09-10 13:10:02]--[common/cfg.c:32]--2fopen err
[2022-09-10 13:10:02]--[common/cfg.c:97]--son->valuestring = 127.0.0.1
[2022-09-10 13:10:02]--[common/cfg.c:32]--2fopen err
[2022-09-10 13:10:02]--[common/cfg.c:97]--son->valuestring = 6379
[2022-09-10 13:10:02]--[common/cfg.c:32]--2fopen err
[2022-09-10 13:10:02]--[common/cfg.c:97]--son->valuestring = root
[2022-09-10 13:10:02]--[common/cfg.c:32]--2fopen err
[2022-09-10 13:10:02]--[common/cfg.c:97]--son->valuestring = root
[2022-09-10 13:10:02]--[common/cfg.c:32]--2fopen err
[2022-09-10 13:10:02]--[common/cfg.c:97]--son->valuestring = cloud_disk
[2022-09-10 13:10:02]--[common/cfg.c:32]--2fopen err
[2022-09-10 13:10:02]--[common/cfg.c:97]--son->valuestring = 127.0.0.1
[2022-09-10 13:10:02]--[common/cfg.c:32]--2fopen err
[2022-09-10 13:10:02]--[common/cfg.c:97]--son->valuestring = 6379
[2022-09-10 13:13:27]--[common/cfg.c:32]--2fopen err
[2022-09-10 13:13:27]--[common/cfg.c:97]--son->valuestring = root
[2022-09-10 13:13:27]--[common/cfg.c:32]--2fopen err
[2022-09-10 13:13:27]--[common/cfg.c:97]--son->valuestring = root
[2022-09-10 13:13:27]--[common/cfg.c:32]--2fopen err
[2022-09-10 13:13:27]--[common/cfg.c:97]--son->valuestring = cloud_disk
[2022-09-10 13:13:27]--[common/cfg.c:32]--2fopen err
[2022-09-10 13:13:27]--[common/cfg.c:97]--son->valuestring = root
[2022-09-10 13:13:27]--[common/cfg.c:32]--2fopen err
[2022-09-10 13:13:27]--[common/cfg.c:97]--son->valuestring = root
[2022-09-10 13:13:27]--[common/cfg.c:32]--2fopen err
[2022-09-10 13:13:27]--[common/cfg.c:97]--son->valuestring = cloud_disk
[2022-09-10 13:13:27]--[common/cfg.c:32]--2fopen err
[2022-09-10 13:13:27]--[common/cfg.c:97]--son->valuestring = root
[2022-09-10 13:13:27]--[common/cfg.c:32]--2fopen err
[2022-09-10 13:13:27]--[common/cfg.c:97]--son->valuestring = root
[2022-09-10 13:13:27]--[common/cfg.c:32]--2fopen err
[2022-09-10 13:13:27]--[common/cfg.c:97]--son->valuestring = cloud_disk
[2022-09-10 13:13:27]--[common/cfg.c:32]--2fopen err
[2022-09-10 13:13:27]--[common/cfg.c:97]--son->valuestring = root
[2022-09-10 13:13:27]--[common/cfg.c:32]--2fopen err
[2022-09-10 13:13:27]--[common/cfg.c:97]--son->valuestring = root
[2022-09-10 13:13:27]--[common/cfg.c:32]--2fopen err
[2022-09-10 13:13:27]--[common/cfg.c:97]--son->valuestring = cloud_disk
[2022-09-10 13:13:27]--[common/cfg.c:32]--2fopen err
[2022-09-10 13:13:27]--[common/cfg.c:97]--son->valuestring = 127.0.0.1
[2022-09-10 13:13:27]--[common/cfg.c:32]--2fopen err
[2022-09-10 13:13:27]--[common/cfg.c:97]--son->valuestring = 6379
[2022-09-10 13:13:27]--[common/cfg.c:32]--2fopen err
[2022-09-10 13:13:27]--[common/cfg.c:97]--son->valuestring = root
[2022-09-10 13:13:27]--[common/cfg.c:32]--2fopen err
[2022-09-10 13:13:27]--[common/cfg.c:97]--son->valuestring = root
[2022-09-10 13:13:27]--[common/cfg.c:32]--2fopen err
[2022-09-10 13:13:27]--[common/cfg.c:97]--son->valuestring = cloud_disk
[2022-09-10 13:13:27]--[common/cfg.c:32]--2fopen err
[2022-09-10 13:13:27]--[common/cfg.c:97]--son->valuestring = 127.0.0.1
[2022-09-10 13:13:27]--[common/cfg.c:32]--2fopen err
[2022-09-10 13:13:27]--[common/cfg.c:97]--son->valuestring = 6379
[2022-09-10 13:13:27]--[common/cfg.c:32]--2fopen err
[2022-09-10 13:13:27]--[common/cfg.c:97]--son->valuestring = root
[2022-09-10 13:13:27]--[common/cfg.c:32]--2fopen err
[2022-09-10 13:13:27]--[common/cfg.c:97]--son->valuestring = root
[2022-09-10 13:13:27]--[common/cfg.c:32]--2fopen err
[2022-09-10 13:13:27]--[common/cfg.c:97]--son->valuestring = cloud_disk
[2022-09-10 13:13:27]--[common/cfg.c:32]--2fopen err
[2022-09-10 13:13:27]--[common/cfg.c:97]--son->valuestring = 127.0.0.1
[2022-09-10 13:13:27]--[common/cfg.c:32]--2fopen err
[2022-09-10 13:13:27]--[common/cfg.c:97]--son->valuestring = 6379
[2022-09-10 13:14:42]--[common/cfg.c:32]--2fopen err
[2022-09-10 13:14:42]--[common/cfg.c:97]--son->valuestring = root
[2022-09-10 13:14:42]--[common/cfg.c:32]--2fopen err
[2022-09-10 13:14:42]--[common/cfg.c:97]--son->valuestring = root
[2022-09-10 13:14:42]--[common/cfg.c:32]--2fopen err
[2022-09-10 13:14:42]--[common/cfg.c:97]--son->valuestring = cloud_disk
[2022-09-10 13:14:42]--[common/cfg.c:32]--2fopen err
[2022-09-10 13:14:42]--[common/cfg.c:97]--son->valuestring = 127.0.0.1
[2022-09-10 13:14:42]--[common/cfg.c:32]--2fopen err
[2022-09-10 13:14:42]--[common/cfg.c:97]--son->valuestring = 6379
[2022-09-10 13:14:43]--[common/cfg.c:32]--2fopen err
[2022-09-10 13:14:43]--[common/cfg.c:97]--son->valuestring = 127.0.0.1
[2022-09-10 13:14:43]--[common/cfg.c:32]--2fopen err
[2022-09-10 13:14:43]--[common/cfg.c:97]--son->valuestring = 6379
[2022-09-10 13:15:01]--[common/cfg.c:32]--2fopen err
[2022-09-10 13:15:01]--[common/cfg.c:97]--son->valuestring = root
[2022-09-10 13:15:01]--[common/cfg.c:32]--2fopen err
[2022-09-10 13:15:01]--[common/cfg.c:97]--son->valuestring = root
[2022-09-10 13:15:01]--[common/cfg.c:32]--2fopen err
[2022-09-10 13:15:01]--[common/cfg.c:97]--son->valuestring = cloud_disk
[2022-09-10 13:15:01]--[common/cfg.c:32]--2fopen err
[2022-09-10 13:15:01]--[common/cfg.c:97]--son->valuestring = 127.0.0.1
[2022-09-10 13:15:01]--[common/cfg.c:32]--2fopen err
[2022-09-10 13:15:01]--[common/cfg.c:97]--son->valuestring = 6379
[2022-09-10 13:15:01]--[common/cfg.c:32]--2fopen err
[2022-09-10 13:15:01]--[common/cfg.c:97]--son->valuestring = 127.0.0.1
[2022-09-10 13:15:01]--[common/cfg.c:32]--2fopen err
[2022-09-10 13:15:01]--[common/cfg.c:97]--son->valuestring = 6379
[2022-09-10 13:15:16]--[common/cfg.c:32]--2fopen err
[2022-09-10 13:15:16]--[common/cfg.c:97]--son->valuestring = 127.0.0.1
[2022-09-10 13:15:16]--[common/cfg.c:32]--2fopen err
[2022-09-10 13:15:16]--[common/cfg.c:97]--son->valuestring = 6379
[2022-09-10 13:15:17]--[common/cfg.c:32]--2fopen err
[2022-09-10 13:15:17]--[common/cfg.c:97]--son->valuestring = /etc/fdfs/client.conf
[2022-09-10 13:15:31]--[common/cfg.c:32]--2fopen err
[2022-09-10 13:15:31]--[common/cfg.c:97]--son->valuestring = 127.0.0.1
[2022-09-10 13:15:31]--[common/cfg.c:32]--2fopen err
[2022-09-10 13:15:31]--[common/cfg.c:97]--son->valuestring = 6379
[2022-09-10 13:16:01]--[common/cfg.c:32]--2fopen err
[2022-09-10 13:16:01]--[common/cfg.c:97]--son->valuestring = root
[2022-09-10 13:16:01]--[common/cfg.c:32]--2fopen err
[2022-09-10 13:16:01]--[common/cfg.c:97]--son->valuestring = root
[2022-09-10 13:16:01]--[common/cfg.c:32]--2fopen err
[2022-09-10 13:16:01]--[common/cfg.c:97]--son->valuestring = cloud_disk
[2022-09-10 13:16:04]--[common/cfg.c:32]--2fopen err
[2022-09-10 13:16:04]--[common/cfg.c:97]--son->valuestring = root
[2022-09-10 13:16:04]--[common/cfg.c:32]--2fopen err
[2022-09-10 13:16:04]--[common/cfg.c:97]--son->valuestring = root
[2022-09-10 13:16:04]--[common/cfg.c:32]--2fopen err
[2022-09-10 13:16:04]--[common/cfg.c:97]--son->valuestring = cloud_disk
[2022-09-10 13:16:04]--[common/cfg.c:32]--2fopen err
[2022-09-10 13:16:04]--[common/cfg.c:97]--son->valuestring = 127.0.0.1
[2022-09-10 13:16:04]--[common/cfg.c:32]--2fopen err
[2022-09-10 13:16:04]--[common/cfg.c:97]--son->valuestring = 6379
[2022-09-10 13:16:04]--[common/cfg.c:32]--2fopen err
[2022-09-10 13:16:04]--[common/cfg.c:97]--son->valuestring = 127.0.0.1
[2022-09-10 13:16:04]--[common/cfg.c:32]--2fopen err
[2022-09-10 13:16:04]--[common/cfg.c:97]--son->valuestring = 6379
[2022-09-10 20:39:35]--[common/cfg.c:32]--2fopen err
[2022-09-10 20:39:35]--[common/cfg.c:97]--son->valuestring = root
[2022-09-10 20:39:35]--[common/cfg.c:32]--2fopen err
[2022-09-10 20:39:35]--[common/cfg.c:97]--son->valuestring = root
[2022-09-10 20:39:35]--[common/cfg.c:32]--2fopen err
[2022-09-10 20:39:35]--[common/cfg.c:97]--son->valuestring = cloud_disk
[2022-09-10 20:39:35]--[common/cfg.c:32]--2fopen err
[2022-09-10 20:39:35]--[common/cfg.c:97]--son->valuestring = root
[2022-09-10 20:39:35]--[common/cfg.c:32]--2fopen err
[2022-09-10 20:39:35]--[common/cfg.c:97]--son->valuestring = root
[2022-09-10 20:39:35]--[common/cfg.c:32]--2fopen err
[2022-09-10 20:39:35]--[common/cfg.c:97]--son->valuestring = cloud_disk
[2022-09-10 20:39:35]--[common/cfg.c:32]--2fopen err
[2022-09-10 20:39:35]--[common/cfg.c:97]--son->valuestring = root
[2022-09-10 20:39:35]--[common/cfg.c:32]--2fopen err
[2022-09-10 20:39:35]--[common/cfg.c:97]--son->valuestring = root
[2022-09-10 20:39:35]--[common/cfg.c:32]--2fopen err
[2022-09-10 20:39:35]--[common/cfg.c:97]--son->valuestring = cloud_disk
[2022-09-10 20:39:35]--[common/cfg.c:32]--2fopen err
[2022-09-10 20:39:35]--[common/cfg.c:97]--son->valuestring = root
[2022-09-10 20:39:35]--[common/cfg.c:32]--2fopen err
[2022-09-10 20:39:35]--[common/cfg.c:97]--son->valuestring = root
[2022-09-10 20:39:35]--[common/cfg.c:32]--2fopen err
[2022-09-10 20:39:35]--[common/cfg.c:97]--son->valuestring = cloud_disk
[2022-09-10 20:39:35]--[common/cfg.c:32]--2fopen err
[2022-09-10 20:39:35]--[common/cfg.c:97]--son->valuestring = 127.0.0.1
[2022-09-10 20:39:35]--[common/cfg.c:32]--2fopen err
[2022-09-10 20:39:35]--[common/cfg.c:97]--son->valuestring = 6379
[2022-09-10 20:39:35]--[common/cfg.c:32]--2fopen err
[2022-09-10 20:39:35]--[common/cfg.c:97]--son->valuestring = root
[2022-09-10 20:39:35]--[common/cfg.c:32]--2fopen err
[2022-09-10 20:39:35]--[common/cfg.c:97]--son->valuestring = root
[2022-09-10 20:39:35]--[common/cfg.c:32]--2fopen err
[2022-09-10 20:39:35]--[common/cfg.c:97]--son->valuestring = cloud_disk
[2022-09-10 20:39:35]--[common/cfg.c:32]--2fopen err
[2022-09-10 20:39:35]--[common/cfg.c:97]--son->valuestring = 127.0.0.1
[2022-09-10 20:39:35]--[common/cfg.c:32]--2fopen err
[2022-09-10 20:39:35]--[common/cfg.c:97]--son->valuestring = 6379
[2022-09-10 20:39:35]--[common/cfg.c:32]--2fopen err
[2022-09-10 20:39:35]--[common/cfg.c:97]--son->valuestring = root
[2022-09-10 20:39:35]--[common/cfg.c:32]--2fopen err
[2022-09-10 20:39:35]--[common/cfg.c:97]--son->valuestring = root
[2022-09-10 20:39:35]--[common/cfg.c:32]--2fopen err
[2022-09-10 20:39:35]--[common/cfg.c:97]--son->valuestring = cloud_disk
[2022-09-10 20:39:35]--[common/cfg.c:32]--2fopen err
[2022-09-10 20:39:35]--[common/cfg.c:97]--son->valuestring = 127.0.0.1
[2022-09-10 20:39:35]--[common/cfg.c:32]--2fopen err
[2022-09-10 20:39:35]--[common/cfg.c:97]--son->valuestring = 6379
[2022-09-10 20:40:02]--[common/cfg.c:32]--2fopen err
[2022-09-10 20:40:02]--[common/cfg.c:97]--son->valuestring = root
[2022-09-10 20:40:02]--[common/cfg.c:32]--2fopen err
[2022-09-10 20:40:02]--[common/cfg.c:97]--son->valuestring = root
[2022-09-10 20:40:02]--[common/cfg.c:32]--2fopen err
[2022-09-10 20:40:02]--[common/cfg.c:97]--son->valuestring = cloud_disk
[2022-09-10 20:40:02]--[common/cfg.c:32]--2fopen err
[2022-09-10 20:40:02]--[common/cfg.c:97]--son->valuestring = 127.0.0.1
[2022-09-10 20:40:02]--[common/cfg.c:32]--2fopen err
[2022-09-10 20:40:02]--[common/cfg.c:97]--son->valuestring = 6379
[2022-09-10 20:40:02]--[common/cfg.c:32]--2fopen err
[2022-09-10 20:40:02]--[common/cfg.c:97]--son->valuestring = 127.0.0.1
[2022-09-10 20:40:02]--[common/cfg.c:32]--2fopen err
[2022-09-10 20:40:02]--[common/cfg.c:97]--son->valuestring = 6379
[2022-09-10 20:40:13]--[common/cfg.c:32]--2fopen err
[2022-09-10 20:40:13]--[common/cfg.c:97]--son->valuestring = 127.0.0.1
[2022-09-10 20:40:13]--[common/cfg.c:32]--2fopen err
[2022-09-10 20:40:13]--[common/cfg.c:97]--son->valuestring = 6379
[2022-09-10 20:40:13]--[common/cfg.c:32]--2fopen err
[2022-09-10 20:40:13]--[common/cfg.c:97]--son->valuestring = /etc/fdfs/client.conf
[2022-09-10 20:40:20]--[common/cfg.c:32]--2fopen err
[2022-09-10 20:40:20]--[common/cfg.c:97]--son->valuestring = 127.0.0.1
[2022-09-10 20:40:20]--[common/cfg.c:32]--2fopen err
[2022-09-10 20:40:20]--[common/cfg.c:97]--son->valuestring = 6379
[2022-09-10 20:40:25]--[common/cfg.c:32]--2fopen err
[2022-09-10 20:40:25]--[common/cfg.c:97]--son->valuestring = 127.0.0.1
[2022-09-10 20:40:25]--[common/cfg.c:32]--2fopen err
[2022-09-10 20:40:25]--[common/cfg.c:97]--son->valuestring = 6379
[2022-09-10 20:42:07]--[common/cfg.c:32]--2fopen err
[2022-09-10 20:42:07]--[common/cfg.c:97]--son->valuestring = root
[2022-09-10 20:42:07]--[common/cfg.c:32]--2fopen err
[2022-09-10 20:42:07]--[common/cfg.c:97]--son->valuestring = root
[2022-09-10 20:42:07]--[common/cfg.c:32]--2fopen err
[2022-09-10 20:42:07]--[common/cfg.c:97]--son->valuestring = cloud_disk
[2022-09-10 20:42:07]--[common/cfg.c:32]--2fopen err
[2022-09-10 20:42:07]--[common/cfg.c:97]--son->valuestring = 127.0.0.1
[2022-09-10 20:42:07]--[common/cfg.c:32]--2fopen err
[2022-09-10 20:42:07]--[common/cfg.c:97]--son->valuestring = 6379
[2022-09-10 20:42:08]--[common/cfg.c:32]--2fopen err
[2022-09-10 20:42:08]--[common/cfg.c:97]--son->valuestring = 127.0.0.1
[2022-09-10 20:42:08]--[common/cfg.c:32]--2fopen err
[2022-09-10 20:42:08]--[common/cfg.c:97]--son->valuestring = 6379
[2022-09-10 20:42:15]--[common/cfg.c:32]--2fopen err
[2022-09-10 20:42:15]--[common/cfg.c:97]--son->valuestring = 127.0.0.1
[2022-09-10 20:42:15]--[common/cfg.c:32]--2fopen err
[2022-09-10 20:42:15]--[common/cfg.c:97]--son->valuestring = 6379
[2022-09-10 20:42:15]--[common/cfg.c:32]--2fopen err
[2022-09-10 20:42:15]--[common/cfg.c:97]--son->valuestring = /etc/fdfs/client.conf
[2022-09-10 20:42:19]--[common/cfg.c:32]--2fopen err
[2022-09-10 20:42:19]--[common/cfg.c:97]--son->valuestring = 127.0.0.1
[2022-09-10 20:42:19]--[common/cfg.c:32]--2fopen err
[2022-09-10 20:42:19]--[common/cfg.c:97]--son->valuestring = 6379
[2022-09-10 21:16:33]--[common/cfg.c:32]--2fopen err
[2022-09-10 21:16:33]--[common/cfg.c:97]--son->valuestring = root
[2022-09-10 21:16:33]--[common/cfg.c:32]--2fopen err
[2022-09-10 21:16:33]--[common/cfg.c:97]--son->valuestring = root
[2022-09-10 21:16:33]--[common/cfg.c:32]--2fopen err
[2022-09-10 21:16:33]--[common/cfg.c:97]--son->valuestring = cloud_disk
[2022-09-10 21:16:33]--[common/cfg.c:32]--2fopen err
[2022-09-10 21:16:33]--[common/cfg.c:97]--son->valuestring = 127.0.0.1
[2022-09-10 21:16:33]--[common/cfg.c:32]--2fopen err
[2022-09-10 21:16:33]--[common/cfg.c:97]--son->valuestring = 6379
[2022-09-10 21:16:34]--[common/cfg.c:32]--2fopen err
[2022-09-10 21:16:34]--[common/cfg.c:97]--son->valuestring = 127.0.0.1
[2022-09-10 21:16:34]--[common/cfg.c:32]--2fopen err
[2022-09-10 21:16:34]--[common/cfg.c:97]--son->valuestring = 6379
[2022-09-10 21:16:41]--[common/cfg.c:32]--2fopen err
[2022-09-10 21:16:41]--[common/cfg.c:97]--son->valuestring = 127.0.0.1
[2022-09-10 21:16:41]--[common/cfg.c:32]--2fopen err
[2022-09-10 21:16:41]--[common/cfg.c:97]--son->valuestring = 6379
[2022-09-10 21:16:41]--[common/cfg.c:32]--2fopen err
[2022-09-10 21:16:41]--[common/cfg.c:97]--son->valuestring = /etc/fdfs/client.conf
[2022-09-10 21:16:41]--[common/cfg.c:32]--2fopen err
[2022-09-10 21:16:41]--[common/cfg.c:97]--son->valuestring = /etc/fdfs/client.conf
[2022-09-10 21:16:41]--[common/cfg.c:32]--2fopen err
[2022-09-10 21:16:41]--[common/cfg.c:97]--son->valuestring = 8888
[2022-09-10 21:16:51]--[common/cfg.c:32]--2fopen err
[2022-09-10 21:16:51]--[common/cfg.c:97]--son->valuestring = 127.0.0.1
[2022-09-10 21:16:51]--[common/cfg.c:32]--2fopen err
[2022-09-10 21:16:51]--[common/cfg.c:97]--son->valuestring = 6379
[2022-09-10 21:16:51]--[common/cfg.c:32]--2fopen err
[2022-09-10 21:16:51]--[common/cfg.c:97]--son->valuestring = 127.0.0.1
[2022-09-10 21:16:51]--[common/cfg.c:32]--2fopen err
[2022-09-10 21:16:51]--[common/cfg.c:97]--son->valuestring = 6379
[2022-09-10 21:16:54]--[common/cfg.c:32]--2fopen err
[2022-09-10 21:16:54]--[common/cfg.c:97]--son->valuestring = 127.0.0.1
[2022-09-10 21:16:54]--[common/cfg.c:32]--2fopen err
[2022-09-10 21:16:54]--[common/cfg.c:97]--son->valuestring = 6379
[2022-09-10 21:16:54]--[common/cfg.c:32]--2fopen err
[2022-09-10 21:16:54]--[common/cfg.c:97]--son->valuestring = 127.0.0.1
[2022-09-10 21:16:54]--[common/cfg.c:32]--2fopen err
[2022-09-10 21:16:54]--[common/cfg.c:97]--son->valuestring = 6379
[2022-09-10 21:17:04]--[common/cfg.c:32]--2fopen err
[2022-09-10 21:17:04]--[common/cfg.c:97]--son->valuestring = 127.0.0.1
[2022-09-10 21:17:04]--[common/cfg.c:32]--2fopen err
[2022-09-10 21:17:04]--[common/cfg.c:97]--son->valuestring = 6379
[2022-09-10 21:17:04]--[common/cfg.c:32]--2fopen err
[2022-09-10 21:17:04]--[common/cfg.c:97]--son->valuestring = 127.0.0.1
[2022-09-10 21:17:04]--[common/cfg.c:32]--2fopen err
[2022-09-10 21:17:04]--[common/cfg.c:97]--son->valuestring = 6379
[2022-09-10 21:17:32]--[common/cfg.c:32]--2fopen err
[2022-09-10 21:17:32]--[common/cfg.c:97]--son->valuestring = 127.0.0.1
[2022-09-10 21:17:32]--[common/cfg.c:32]--2fopen err
[2022-09-10 21:17:32]--[common/cfg.c:97]--son->valuestring = 6379
[2022-09-10 21:17:32]--[common/cfg.c:32]--2fopen err
[2022-09-10 21:17:32]--[common/cfg.c:97]--son->valuestring = 127.0.0.1
[2022-09-10 21:17:32]--[common/cfg.c:32]--2fopen err
[2022-09-10 21:17:32]--[common/cfg.c:97]--son->valuestring = 6379
