[2022-09-11 14:10:01]--[src_cgi/dealfile_cgi.c:42]--mysql:[user=root,pwd=root,database=cloud_disk][2022-09-11 14:10:01]--[src_cgi/dealfile_cgi.c:47]--redis:[ip=127.0.0.1,port=6379]
[2022-09-11 14:13:20]--[src_cgi/dealfile_cgi.c:695]--cmd = pv
[2022-09-11 14:13:20]--[src_cgi/dealfile_cgi.c:727]--buf = {
    "filename": "Linux本地端口开放命令.txt",
    "md5": "36ab2e241431f71b938ba56e74c2d573",
    "token": "6fcde14df248073a306659595116a3bd",
    "user": "lwx"
}

[2022-09-11 14:13:20]--[src_cgi/dealfile_cgi.c:730]--user = lwx, token = 6fcde14df248073a306659595116a3bd, md5 = 36ab2e241431f71b938ba56e74c2d573, filename = Linux本地端口开放命令.txt
[2022-09-11 14:19:55]--[src_cgi/dealfile_cgi.c:695]--cmd = pv
[2022-09-11 14:19:55]--[src_cgi/dealfile_cgi.c:727]--buf = {
    "filename": "Linux本地端口开放命令.txt",
    "md5": "36ab2e241431f71b938ba56e74c2d573",
    "token": "6fcde14df248073a306659595116a3bd",
    "user": "lwx"
}

[2022-09-11 14:19:55]--[src_cgi/dealfile_cgi.c:730]--user = lwx, token = 6fcde14df248073a306659595116a3bd, md5 = 36ab2e241431f71b938ba56e74c2d573, filename = Linux本地端口开放命令.txt
[2022-09-11 14:21:46]--[src_cgi/dealfile_cgi.c:695]--cmd = pv
[2022-09-11 14:21:46]--[src_cgi/dealfile_cgi.c:714]--len = 0, No data from standard input
[2022-09-11 14:32:31]--[src_cgi/dealfile_cgi.c:42]--mysql:[user=root,pwd=root,database=cloud_disk][2022-09-11 14:32:31]--[src_cgi/dealfile_cgi.c:47]--redis:[ip=127.0.0.1,port=6379]
[2022-09-11 14:35:54]--[src_cgi/dealfile_cgi.c:42]--mysql:[user=root,pwd=root,database=cloud_disk][2022-09-11 14:35:54]--[src_cgi/dealfile_cgi.c:47]--redis:[ip=127.0.0.1,port=6379]
[2022-09-11 14:47:39]--[src_cgi/dealfile_cgi.c:42]--mysql:[user=root,pwd=root,database=cloud_disk][2022-09-11 14:47:39]--[src_cgi/dealfile_cgi.c:47]--redis:[ip=127.0.0.1,port=6379]
[2022-09-11 15:52:52]--[src_cgi/dealfile_cgi.c:695]--cmd = share
[2022-09-11 15:52:52]--[src_cgi/dealfile_cgi.c:727]--buf = {
    "filename": "Linux本地端口开放命令.txt",
    "md5": "36ab2e241431f71b938ba56e74c2d573",
    "token": "e2f900ac4acca4327ed33dbc6d4ca65e",
    "user": "lwx"
}

[2022-09-11 15:52:52]--[src_cgi/dealfile_cgi.c:730]--user = lwx, token = e2f900ac4acca4327ed33dbc6d4ca65e, md5 = 36ab2e241431f71b938ba56e74c2d573, filename = Linux本地端口开放命令.txt
[2022-09-11 15:53:14]--[src_cgi/dealfile_cgi.c:695]--cmd = share
[2022-09-11 15:53:14]--[src_cgi/dealfile_cgi.c:727]--buf = {
    "filename": "Linux本地端口开放命令.txt",
    "md5": "36ab2e241431f71b938ba56e74c2d573",
    "token": "78c388bce5f8543b5163532b5804e434",
    "user": "lwx"
}

[2022-09-11 15:53:14]--[src_cgi/dealfile_cgi.c:730]--user = lwx, token = 78c388bce5f8543b5163532b5804e434, md5 = 36ab2e241431f71b938ba56e74c2d573, filename = Linux本地端口开放命令.txt
[2022-09-11 16:00:55]--[src_cgi/dealfile_cgi.c:695]--cmd = share
[2022-09-11 16:00:55]--[src_cgi/dealfile_cgi.c:714]--len = 0, No data from standard input
[2022-09-11 17:01:53]--[src_cgi/dealfile_cgi.c:42]--mysql:[user=root,pwd=root,database=cloud_disk][2022-09-11 17:01:53]--[src_cgi/dealfile_cgi.c:47]--redis:[ip=127.0.0.1,port=6379]
[2022-09-11 17:05:08]--[src_cgi/dealfile_cgi.c:695]--cmd = pv
[2022-09-11 17:05:08]--[src_cgi/dealfile_cgi.c:727]--buf = {
    "filename": "使用说明.txt",
    "md5": "e3bea7775b82e180d42df4e0c48e9710",
    "token": "98fec96acf26736a5c8587109ecd5d68",
    "user": "llwwxx"
}

[2022-09-11 17:05:08]--[src_cgi/dealfile_cgi.c:730]--user = llwwxx, token = 98fec96acf26736a5c8587109ecd5d68, md5 = e3bea7775b82e180d42df4e0c48e9710, filename = 使用说明.txt
[2022-09-11 17:16:33]--[src_cgi/dealfile_cgi.c:42]--mysql:[user=root,pwd=root,database=cloud_disk][2022-09-11 17:16:33]--[src_cgi/dealfile_cgi.c:47]--redis:[ip=127.0.0.1,port=6379]
[2022-09-11 17:18:10]--[src_cgi/dealfile_cgi.c:695]--cmd = pv
[2022-09-11 17:18:10]--[src_cgi/dealfile_cgi.c:727]--buf = {
    "filename": "游戏运行出错原因及解决方案.txt",
    "md5": "abeebd24a3e62150c177c19a79b769d4",
    "token": "b73aab19120d0ca52d1cc1329b509ef3",
    "user": "llwwxx"
}

[2022-09-11 17:18:10]--[src_cgi/dealfile_cgi.c:730]--user = llwwxx, token = b73aab19120d0ca52d1cc1329b509ef3, md5 = abeebd24a3e62150c177c19a79b769d4, filename = 游戏运行出错原因及解决方案.txt
