[2022-09-11 14:10:01]--[src_cgi/dealsharefile_cgi.c:42]--mysql:[user=root,pwd=root,database=cloud_disk][2022-09-11 14:10:01]--[src_cgi/dealsharefile_cgi.c:47]--redis:[ip=127.0.0.1,port=6379]
[2022-09-11 14:32:31]--[src_cgi/dealsharefile_cgi.c:42]--mysql:[user=root,pwd=root,database=cloud_disk][2022-09-11 14:32:31]--[src_cgi/dealsharefile_cgi.c:47]--redis:[ip=127.0.0.1,port=6379]
[2022-09-11 14:35:54]--[src_cgi/dealsharefile_cgi.c:42]--mysql:[user=root,pwd=root,database=cloud_disk][2022-09-11 14:35:54]--[src_cgi/dealsharefile_cgi.c:47]--redis:[ip=127.0.0.1,port=6379]
[2022-09-11 14:47:40]--[src_cgi/dealsharefile_cgi.c:42]--mysql:[user=root,pwd=root,database=cloud_disk][2022-09-11 14:47:40]--[src_cgi/dealsharefile_cgi.c:47]--redis:[ip=127.0.0.1,port=6379]
[2022-09-11 15:55:33]--[src_cgi/dealsharefile_cgi.c:552]--cmd = pv
[2022-09-11 15:55:33]--[src_cgi/dealsharefile_cgi.c:584]--buf = {
    "filename": "Linux本地端口开放命令.txt",
    "md5": "36ab2e241431f71b938ba56e74c2d573",
    "user": "llwwxx"
}

[2022-09-11 15:55:33]--[src_cgi/dealsharefile_cgi.c:587]--user = llwwxx, md5 = 36ab2e241431f71b938ba56e74c2d573, filename = Linux本地端口开放命令.txt
[2022-09-11 15:55:33]--[src_cgi/dealsharefile_cgi.c:190]--rop_zset_increment 操作失败
[2022-09-11 15:58:30]--[src_cgi/dealsharefile_cgi.c:552]--cmd = pv
[2022-09-11 15:58:30]--[src_cgi/dealsharefile_cgi.c:571]--len = 0, No data from standard input
[2022-09-11 16:19:33]--[src_cgi/dealsharefile_cgi.c:552]--cmd = pv
[2022-09-11 16:19:33]--[src_cgi/dealsharefile_cgi.c:584]--buf = {
    "filename": "Linux本地端口开放命令.txt",
    "md5": "36ab2e241431f71b938ba56e74c2d573",
    "user": "llwwxx"
}

[2022-09-11 16:19:33]--[src_cgi/dealsharefile_cgi.c:587]--user = llwwxx, md5 = 36ab2e241431f71b938ba56e74c2d573, filename = Linux本地端口开放命令.txt
[2022-09-11 16:19:33]--[src_cgi/dealsharefile_cgi.c:190]--rop_zset_increment 操作失败
[2022-09-11 17:01:53]--[src_cgi/dealsharefile_cgi.c:42]--mysql:[user=root,pwd=root,database=cloud_disk][2022-09-11 17:01:53]--[src_cgi/dealsharefile_cgi.c:47]--redis:[ip=127.0.0.1,port=6379]
[2022-09-11 17:03:19]--[src_cgi/dealsharefile_cgi.c:552]--cmd = pv
[2022-09-11 17:03:19]--[src_cgi/dealsharefile_cgi.c:584]--buf = {
    "filename": "Linux本地端口开放命令.txt",
    "md5": "36ab2e241431f71b938ba56e74c2d573",
    "user": "llwwxx"
}

[2022-09-11 17:03:19]--[src_cgi/dealsharefile_cgi.c:587]--user = llwwxx, md5 = 36ab2e241431f71b938ba56e74c2d573, filename = Linux本地端口开放命令.txt
[2022-09-11 17:16:33]--[src_cgi/dealsharefile_cgi.c:42]--mysql:[user=root,pwd=root,database=cloud_disk][2022-09-11 17:16:33]--[src_cgi/dealsharefile_cgi.c:47]--redis:[ip=127.0.0.1,port=6379]
