[2022-09-09 17:09:25]--[src_cgi/login_cgi.c:289]--buf = {
    "pwd": "e10adc3949ba59abbe56e057f20f883e",
    "user": "lwx"
}

[2022-09-09 17:09:25]--[src_cgi/login_cgi.c:54]--child1->valuestring = lwx
[2022-09-09 17:09:25]--[src_cgi/login_cgi.c:66]--child1->valuestring = lwx
[2022-09-09 17:09:25]--[src_cgi/login_cgi.c:295]--user = lwx, pwd = e10adc3949ba59abbe56e057f20f883e
[2022-09-09 17:09:25]--[src_cgi/login_cgi.c:101]--mysql_user = , mysql_pwd = , mysql_db = 
[2022-09-09 17:09:25]--[src_cgi/login_cgi.c:107]--msql_conn err
[2022-09-09 17:09:31]--[src_cgi/login_cgi.c:289]--buf = {
    "pwd": "e10adc3949ba59abbe56e057f20f883e",
    "user": "lwx"
}

[2022-09-09 17:09:31]--[src_cgi/login_cgi.c:54]--child1->valuestring = lwx
[2022-09-09 17:09:31]--[src_cgi/login_cgi.c:66]--child1->valuestring = lwx
[2022-09-09 17:09:31]--[src_cgi/login_cgi.c:295]--user = lwx, pwd = e10adc3949ba59abbe56e057f20f883e
[2022-09-09 17:09:31]--[src_cgi/login_cgi.c:101]--mysql_user = , mysql_pwd = , mysql_db = 
[2022-09-09 17:09:31]--[src_cgi/login_cgi.c:107]--msql_conn err
[2022-09-09 17:11:32]--[src_cgi/login_cgi.c:289]--buf = {
    "pwd": "e10adc3949ba59abbe56e057f20f883e",
    "user": "lwx"
}

[2022-09-09 17:11:32]--[src_cgi/login_cgi.c:54]--child1->valuestring = lwx
[2022-09-09 17:11:32]--[src_cgi/login_cgi.c:66]--child1->valuestring = lwx
[2022-09-09 17:11:32]--[src_cgi/login_cgi.c:295]--user = lwx, pwd = e10adc3949ba59abbe56e057f20f883e
[2022-09-09 17:11:32]--[src_cgi/login_cgi.c:101]--mysql_user = , mysql_pwd = , mysql_db = 
[2022-09-09 17:11:32]--[src_cgi/login_cgi.c:107]--msql_conn err
[2022-09-09 17:11:41]--[src_cgi/login_cgi.c:289]--buf = {
    "pwd": "e10adc3949ba59abbe56e057f20f883e",
    "user": "llwwxx"
}

[2022-09-09 17:11:41]--[src_cgi/login_cgi.c:54]--child1->valuestring = llwwxx
[2022-09-09 17:11:41]--[src_cgi/login_cgi.c:66]--child1->valuestring = llwwxx
[2022-09-09 17:11:41]--[src_cgi/login_cgi.c:295]--user = llwwxx, pwd = e10adc3949ba59abbe56e057f20f883e
[2022-09-09 17:11:41]--[src_cgi/login_cgi.c:101]--mysql_user = , mysql_pwd = , mysql_db = 
[2022-09-09 17:11:41]--[src_cgi/login_cgi.c:107]--msql_conn err
[2022-09-09 17:11:47]--[src_cgi/login_cgi.c:289]--buf = {
    "pwd": "e10adc3949ba59abbe56e057f20f883e",
    "user": "llwwxx"
}

[2022-09-09 17:11:47]--[src_cgi/login_cgi.c:54]--child1->valuestring = llwwxx
[2022-09-09 17:11:47]--[src_cgi/login_cgi.c:66]--child1->valuestring = llwwxx
[2022-09-09 17:11:47]--[src_cgi/login_cgi.c:295]--user = llwwxx, pwd = e10adc3949ba59abbe56e057f20f883e
[2022-09-09 17:11:47]--[src_cgi/login_cgi.c:101]--mysql_user = , mysql_pwd = , mysql_db = 
[2022-09-09 17:11:47]--[src_cgi/login_cgi.c:107]--msql_conn err
[2022-09-09 17:25:34]--[src_cgi/login_cgi.c:289]--buf = {
    "pwd": "e10adc3949ba59abbe56e057f20f883e",
    "user": "llwwxx"
}

[2022-09-09 17:25:34]--[src_cgi/login_cgi.c:54]--child1->valuestring = llwwxx
[2022-09-09 17:25:34]--[src_cgi/login_cgi.c:66]--child1->valuestring = llwwxx
[2022-09-09 17:25:34]--[src_cgi/login_cgi.c:295]--user = llwwxx, pwd = e10adc3949ba59abbe56e057f20f883e
[2022-09-09 17:25:34]--[src_cgi/login_cgi.c:101]--mysql_user = , mysql_pwd = , mysql_db = 
[2022-09-09 17:25:34]--[src_cgi/login_cgi.c:107]--msql_conn err
[2022-09-09 17:25:44]--[src_cgi/login_cgi.c:289]--buf = {
    "pwd": "e10adc3949ba59abbe56e057f20f883e",
    "user": "llwwxx"
}

[2022-09-09 17:25:44]--[src_cgi/login_cgi.c:54]--child1->valuestring = llwwxx
[2022-09-09 17:25:44]--[src_cgi/login_cgi.c:66]--child1->valuestring = llwwxx
[2022-09-09 17:25:44]--[src_cgi/login_cgi.c:295]--user = llwwxx, pwd = e10adc3949ba59abbe56e057f20f883e
[2022-09-09 17:25:44]--[src_cgi/login_cgi.c:101]--mysql_user = , mysql_pwd = , mysql_db = 
[2022-09-09 17:25:44]--[src_cgi/login_cgi.c:107]--msql_conn err
[2022-09-09 17:25:51]--[src_cgi/login_cgi.c:289]--buf = {
    "pwd": "e10adc3949ba59abbe56e057f20f883e",
    "user": "lwx"
}

[2022-09-09 17:25:51]--[src_cgi/login_cgi.c:54]--child1->valuestring = lwx
[2022-09-09 17:25:51]--[src_cgi/login_cgi.c:66]--child1->valuestring = lwx
[2022-09-09 17:25:51]--[src_cgi/login_cgi.c:295]--user = lwx, pwd = e10adc3949ba59abbe56e057f20f883e
[2022-09-09 17:25:51]--[src_cgi/login_cgi.c:101]--mysql_user = , mysql_pwd = , mysql_db = 
[2022-09-09 17:25:51]--[src_cgi/login_cgi.c:107]--msql_conn err
[2022-09-09 17:35:15]--[src_cgi/login_cgi.c:289]--buf = {
    "pwd": "e10adc3949ba59abbe56e057f20f883e",
    "user": "lwx"
}

[2022-09-09 17:35:15]--[src_cgi/login_cgi.c:54]--child1->valuestring = lwx
[2022-09-09 17:35:15]--[src_cgi/login_cgi.c:66]--child1->valuestring = lwx
[2022-09-09 17:35:15]--[src_cgi/login_cgi.c:295]--user = lwx, pwd = e10adc3949ba59abbe56e057f20f883e
[2022-09-09 17:35:15]--[src_cgi/login_cgi.c:101]--mysql_user = , mysql_pwd = , mysql_db = 
[2022-09-09 17:35:15]--[src_cgi/login_cgi.c:107]--msql_conn err
[2022-09-09 18:22:21]--[src_cgi/login_cgi.c:289]--buf = {
    "pwd": "e10adc3949ba59abbe56e057f20f883e",
    "user": "lwx"
}

[2022-09-09 18:22:21]--[src_cgi/login_cgi.c:54]--child1->valuestring = lwx
[2022-09-09 18:22:21]--[src_cgi/login_cgi.c:66]--child1->valuestring = lwx
[2022-09-09 18:22:21]--[src_cgi/login_cgi.c:295]--user = lwx, pwd = e10adc3949ba59abbe56e057f20f883e
[2022-09-09 18:22:21]--[src_cgi/login_cgi.c:101]--mysql_user = , mysql_pwd = , mysql_db = 
[2022-09-09 18:22:21]--[src_cgi/login_cgi.c:107]--msql_conn err
