[2022-09-11 14:11:33]--[src_cgi/login_cgi.c:289]--buf = {
    "pwd": "e10adc3949ba59abbe56e057f20f883e",
    "user": "lwx"
}

[2022-09-11 14:11:33]--[src_cgi/login_cgi.c:54]--child1->valuestring = lwx
[2022-09-11 14:11:33]--[src_cgi/login_cgi.c:66]--child1->valuestring = lwx
[2022-09-11 14:11:33]--[src_cgi/login_cgi.c:295]--user = lwx, pwd = e10adc3949ba59abbe56e057f20f883e
[2022-09-11 14:11:33]--[src_cgi/login_cgi.c:101]--mysql_user = root, mysql_pwd = root, mysql_db = cloud_disk
[2022-09-11 14:11:33]--[src_cgi/login_cgi.c:162]--redis:[ip=127.0.0.1,port=6379]
[2022-09-11 14:11:33]--[src_cgi/login_cgi.c:186]--tmp = lwx24985727374
[2022-09-11 14:11:33]--[src_cgi/login_cgi.c:202]--base64 = vKsqeI2yE1tOs05WbQh7mQ==
[2022-09-11 14:11:33]--[src_cgi/login_cgi.c:304]--token = 6fcde14df248073a306659595116a3bd
[2022-09-11 14:32:57]--[src_cgi/login_cgi.c:289]--buf = {
    "pwd": "e10adc3949ba59abbe56e057f20f883e",
    "user": "lwx"
}

[2022-09-11 14:32:57]--[src_cgi/login_cgi.c:54]--child1->valuestring = lwx
[2022-09-11 14:32:57]--[src_cgi/login_cgi.c:66]--child1->valuestring = lwx
[2022-09-11 14:32:57]--[src_cgi/login_cgi.c:295]--user = lwx, pwd = e10adc3949ba59abbe56e057f20f883e
[2022-09-11 14:32:57]--[src_cgi/login_cgi.c:101]--mysql_user = root, mysql_pwd = root, mysql_db = cloud_disk
[2022-09-11 14:32:57]--[src_cgi/login_cgi.c:162]--redis:[ip=127.0.0.1,port=6379]
[2022-09-11 14:32:57]--[src_cgi/login_cgi.c:186]--tmp = lwx838982515392
[2022-09-11 14:32:57]--[src_cgi/login_cgi.c:202]--base64 = fJUob9ptyhZW9AiaThegQQ==
[2022-09-11 14:32:57]--[src_cgi/login_cgi.c:304]--token = 85d78c081bfaf5742e0d6c4722859754
[2022-09-11 14:36:00]--[src_cgi/login_cgi.c:289]--buf = {
    "pwd": "e10adc3949ba59abbe56e057f20f883e",
    "user": "lwx"
}

[2022-09-11 14:36:00]--[src_cgi/login_cgi.c:54]--child1->valuestring = lwx
[2022-09-11 14:36:00]--[src_cgi/login_cgi.c:66]--child1->valuestring = lwx
[2022-09-11 14:36:00]--[src_cgi/login_cgi.c:295]--user = lwx, pwd = e10adc3949ba59abbe56e057f20f883e
[2022-09-11 14:36:00]--[src_cgi/login_cgi.c:101]--mysql_user = root, mysql_pwd = root, mysql_db = cloud_disk
[2022-09-11 14:36:00]--[src_cgi/login_cgi.c:162]--redis:[ip=127.0.0.1,port=6379]
[2022-09-11 14:36:00]--[src_cgi/login_cgi.c:186]--tmp = lwx8003698791
[2022-09-11 14:36:00]--[src_cgi/login_cgi.c:202]--base64 = 0C+peN47oM5tHZZFxkxEjQ==
[2022-09-11 14:36:00]--[src_cgi/login_cgi.c:304]--token = 56077e54a54aaa6d42345318e8926762
[2022-09-11 14:47:59]--[src_cgi/login_cgi.c:289]--buf = {
    "pwd": "e10adc3949ba59abbe56e057f20f883e",
    "user": "lwx"
}

[2022-09-11 14:47:59]--[src_cgi/login_cgi.c:54]--child1->valuestring = lwx
[2022-09-11 14:47:59]--[src_cgi/login_cgi.c:66]--child1->valuestring = lwx
[2022-09-11 14:47:59]--[src_cgi/login_cgi.c:295]--user = lwx, pwd = e10adc3949ba59abbe56e057f20f883e
[2022-09-11 14:47:59]--[src_cgi/login_cgi.c:101]--mysql_user = root, mysql_pwd = root, mysql_db = cloud_disk
[2022-09-11 14:47:59]--[src_cgi/login_cgi.c:162]--redis:[ip=127.0.0.1,port=6379]
[2022-09-11 14:47:59]--[src_cgi/login_cgi.c:186]--tmp = lwx618666759110
[2022-09-11 14:47:59]--[src_cgi/login_cgi.c:202]--base64 = sRsdls8pGmY+WJEz8jBAmg==
[2022-09-11 14:47:59]--[src_cgi/login_cgi.c:304]--token = e2f900ac4acca4327ed33dbc6d4ca65e
[2022-09-11 15:53:08]--[src_cgi/login_cgi.c:289]--buf = {
    "pwd": "e10adc3949ba59abbe56e057f20f883e",
    "user": "lwx"
}

[2022-09-11 15:53:08]--[src_cgi/login_cgi.c:54]--child1->valuestring = lwx
[2022-09-11 15:53:08]--[src_cgi/login_cgi.c:66]--child1->valuestring = lwx
[2022-09-11 15:53:08]--[src_cgi/login_cgi.c:295]--user = lwx, pwd = e10adc3949ba59abbe56e057f20f883e
[2022-09-11 15:53:08]--[src_cgi/login_cgi.c:101]--mysql_user = root, mysql_pwd = root, mysql_db = cloud_disk
[2022-09-11 15:53:08]--[src_cgi/login_cgi.c:162]--redis:[ip=127.0.0.1,port=6379]
[2022-09-11 15:53:08]--[src_cgi/login_cgi.c:186]--tmp = lwx51664418774
[2022-09-11 15:53:08]--[src_cgi/login_cgi.c:202]--base64 = QAYmF8MRKJy2ieXNa7+6bw==
[2022-09-11 15:53:08]--[src_cgi/login_cgi.c:304]--token = 78c388bce5f8543b5163532b5804e434
[2022-09-11 15:54:38]--[src_cgi/login_cgi.c:289]--buf = {
    "pwd": "e10adc3949ba59abbe56e057f20f883e",
    "user": "llwwxx"
}

[2022-09-11 15:54:38]--[src_cgi/login_cgi.c:54]--child1->valuestring = llwwxx
[2022-09-11 15:54:38]--[src_cgi/login_cgi.c:66]--child1->valuestring = llwwxx
[2022-09-11 15:54:38]--[src_cgi/login_cgi.c:295]--user = llwwxx, pwd = e10adc3949ba59abbe56e057f20f883e
[2022-09-11 15:54:38]--[src_cgi/login_cgi.c:101]--mysql_user = root, mysql_pwd = root, mysql_db = cloud_disk
[2022-09-11 15:54:38]--[src_cgi/login_cgi.c:162]--redis:[ip=127.0.0.1,port=6379]
[2022-09-11 15:54:38]--[src_cgi/login_cgi.c:186]--tmp = llwwxx157796332918
[2022-09-11 15:54:38]--[src_cgi/login_cgi.c:202]--base64 = 0rYoUsG9GjF7H4m2csMFlL2c8nYPk9Hn
[2022-09-11 15:54:38]--[src_cgi/login_cgi.c:304]--token = 464afdc8d4b36777c738b7fcd62a04c4
[2022-09-11 16:18:24]--[src_cgi/login_cgi.c:289]--buf = {
    "pwd": "e10adc3949ba59abbe56e057f20f883e",
    "user": "llwwxx"
}

[2022-09-11 16:18:24]--[src_cgi/login_cgi.c:54]--child1->valuestring = llwwxx
[2022-09-11 16:18:24]--[src_cgi/login_cgi.c:66]--child1->valuestring = llwwxx
[2022-09-11 16:18:24]--[src_cgi/login_cgi.c:295]--user = llwwxx, pwd = e10adc3949ba59abbe56e057f20f883e
[2022-09-11 16:18:24]--[src_cgi/login_cgi.c:101]--mysql_user = root, mysql_pwd = root, mysql_db = cloud_disk
[2022-09-11 16:18:24]--[src_cgi/login_cgi.c:162]--redis:[ip=127.0.0.1,port=6379]
[2022-09-11 16:18:24]--[src_cgi/login_cgi.c:186]--tmp = llwwxx891875897913
[2022-09-11 16:18:24]--[src_cgi/login_cgi.c:202]--base64 = GszyqKcewCXNZe4wMj2OCzRwIA7p76LA
[2022-09-11 16:18:24]--[src_cgi/login_cgi.c:304]--token = 04c26ec3cf3900244a4afadbb5ce92c4
[2022-09-11 17:02:22]--[src_cgi/login_cgi.c:289]--buf = {
    "pwd": "e10adc3949ba59abbe56e057f20f883e",
    "user": "llwwxx"
}

[2022-09-11 17:02:22]--[src_cgi/login_cgi.c:54]--child1->valuestring = llwwxx
[2022-09-11 17:02:22]--[src_cgi/login_cgi.c:66]--child1->valuestring = llwwxx
[2022-09-11 17:02:22]--[src_cgi/login_cgi.c:295]--user = llwwxx, pwd = e10adc3949ba59abbe56e057f20f883e
[2022-09-11 17:02:22]--[src_cgi/login_cgi.c:101]--mysql_user = root, mysql_pwd = root, mysql_db = cloud_disk
[2022-09-11 17:02:22]--[src_cgi/login_cgi.c:162]--redis:[ip=127.0.0.1,port=6379]
[2022-09-11 17:02:22]--[src_cgi/login_cgi.c:186]--tmp = llwwxx175767642783
[2022-09-11 17:02:22]--[src_cgi/login_cgi.c:202]--base64 = eq5egiFnsJcMY1MzXSF31tum1MUEm/Os
[2022-09-11 17:02:22]--[src_cgi/login_cgi.c:304]--token = 98fec96acf26736a5c8587109ecd5d68
[2022-09-11 17:17:19]--[src_cgi/login_cgi.c:289]--buf = {
    "pwd": "e10adc3949ba59abbe56e057f20f883e",
    "user": "llwwxx"
}

[2022-09-11 17:17:19]--[src_cgi/login_cgi.c:54]--child1->valuestring = llwwxx
[2022-09-11 17:17:19]--[src_cgi/login_cgi.c:66]--child1->valuestring = llwwxx
[2022-09-11 17:17:19]--[src_cgi/login_cgi.c:295]--user = llwwxx, pwd = e10adc3949ba59abbe56e057f20f883e
[2022-09-11 17:17:19]--[src_cgi/login_cgi.c:101]--mysql_user = root, mysql_pwd = root, mysql_db = cloud_disk
[2022-09-11 17:17:19]--[src_cgi/login_cgi.c:162]--redis:[ip=127.0.0.1,port=6379]
[2022-09-11 17:17:19]--[src_cgi/login_cgi.c:186]--tmp = llwwxx248482526965
[2022-09-11 17:17:19]--[src_cgi/login_cgi.c:202]--base64 = tThrBogBm4LN+b8t+cUL2/5EIHo66NGM
[2022-09-11 17:17:19]--[src_cgi/login_cgi.c:304]--token = b73aab19120d0ca52d1cc1329b509ef3
