[2022-09-10 13:14:42]--[src_cgi/login_cgi.c:289]--buf = {
    "pwd": "e10adc3949ba59abbe56e057f20f883e",
    "user": "lwx"
}

[2022-09-10 13:14:42]--[src_cgi/login_cgi.c:54]--child1->valuestring = lwx
[2022-09-10 13:14:42]--[src_cgi/login_cgi.c:66]--child1->valuestring = lwx
[2022-09-10 13:14:42]--[src_cgi/login_cgi.c:295]--user = lwx, pwd = e10adc3949ba59abbe56e057f20f883e
[2022-09-10 13:14:42]--[src_cgi/login_cgi.c:101]--mysql_user = root, mysql_pwd = root, mysql_db = cloud_disk
[2022-09-10 13:14:42]--[src_cgi/login_cgi.c:162]--redis:[ip=127.0.0.1,port=6379]
[2022-09-10 13:14:42]--[src_cgi/login_cgi.c:186]--tmp = lwx397574943711
[2022-09-10 13:14:42]--[src_cgi/login_cgi.c:202]--base64 = etjnOGYa8+ZV63I/WxJNOg==
[2022-09-10 13:14:42]--[src_cgi/login_cgi.c:304]--token = a5e2e90d9cb3a0ed4accefd69a37b456
[2022-09-10 13:15:01]--[src_cgi/login_cgi.c:289]--buf = {
    "pwd": "e10adc3949ba59abbe56e057f20f883e",
    "user": "llwwxx"
}

[2022-09-10 13:15:01]--[src_cgi/login_cgi.c:54]--child1->valuestring = llwwxx
[2022-09-10 13:15:01]--[src_cgi/login_cgi.c:66]--child1->valuestring = llwwxx
[2022-09-10 13:15:01]--[src_cgi/login_cgi.c:295]--user = llwwxx, pwd = e10adc3949ba59abbe56e057f20f883e
[2022-09-10 13:15:01]--[src_cgi/login_cgi.c:101]--mysql_user = root, mysql_pwd = root, mysql_db = cloud_disk
[2022-09-10 13:15:01]--[src_cgi/login_cgi.c:162]--redis:[ip=127.0.0.1,port=6379]
[2022-09-10 13:15:01]--[src_cgi/login_cgi.c:186]--tmp = llwwxx254813563720
[2022-09-10 13:15:01]--[src_cgi/login_cgi.c:202]--base64 = QYVeH9OYQtb5Hyzk1wBQcBWL+VivrjWM
[2022-09-10 13:15:01]--[src_cgi/login_cgi.c:304]--token = c6a2f229964153e2b6a40db9298923c9
[2022-09-10 13:16:04]--[src_cgi/login_cgi.c:289]--buf = {
    "pwd": "e10adc3949ba59abbe56e057f20f883e",
    "user": "lxl"
}

[2022-09-10 13:16:04]--[src_cgi/login_cgi.c:54]--child1->valuestring = lxl
[2022-09-10 13:16:04]--[src_cgi/login_cgi.c:66]--child1->valuestring = lxl
[2022-09-10 13:16:04]--[src_cgi/login_cgi.c:295]--user = lxl, pwd = e10adc3949ba59abbe56e057f20f883e
[2022-09-10 13:16:04]--[src_cgi/login_cgi.c:101]--mysql_user = root, mysql_pwd = root, mysql_db = cloud_disk
[2022-09-10 13:16:04]--[src_cgi/login_cgi.c:162]--redis:[ip=127.0.0.1,port=6379]
[2022-09-10 13:16:04]--[src_cgi/login_cgi.c:186]--tmp = lxl31150167773
[2022-09-10 13:16:04]--[src_cgi/login_cgi.c:202]--base64 = /Z4aObKRCKu6iXtK9nHqAg==
[2022-09-10 13:16:04]--[src_cgi/login_cgi.c:304]--token = cdfeaeaed324902dcb2160d0039ab9b8
[2022-09-10 20:40:02]--[src_cgi/login_cgi.c:289]--buf = {
    "pwd": "e10adc3949ba59abbe56e057f20f883e",
    "user": "lxl"
}

[2022-09-10 20:40:02]--[src_cgi/login_cgi.c:54]--child1->valuestring = lxl
[2022-09-10 20:40:02]--[src_cgi/login_cgi.c:66]--child1->valuestring = lxl
[2022-09-10 20:40:02]--[src_cgi/login_cgi.c:295]--user = lxl, pwd = e10adc3949ba59abbe56e057f20f883e
[2022-09-10 20:40:02]--[src_cgi/login_cgi.c:101]--mysql_user = root, mysql_pwd = root, mysql_db = cloud_disk
[2022-09-10 20:40:02]--[src_cgi/login_cgi.c:162]--redis:[ip=127.0.0.1,port=6379]
[2022-09-10 20:40:02]--[src_cgi/login_cgi.c:186]--tmp = lxl36423668801
[2022-09-10 20:40:02]--[src_cgi/login_cgi.c:202]--base64 = nlK4Y8QvM4X1r4DYynVjCw==
[2022-09-10 20:40:02]--[src_cgi/login_cgi.c:304]--token = 3f0a4319d9abf7f0e7c83ad8c29d0b2b
[2022-09-10 20:42:07]--[src_cgi/login_cgi.c:289]--buf = {
    "pwd": "e10adc3949ba59abbe56e057f20f883e",
    "user": "lwx"
}

[2022-09-10 20:42:07]--[src_cgi/login_cgi.c:54]--child1->valuestring = lwx
[2022-09-10 20:42:07]--[src_cgi/login_cgi.c:66]--child1->valuestring = lwx
[2022-09-10 20:42:07]--[src_cgi/login_cgi.c:295]--user = lwx, pwd = e10adc3949ba59abbe56e057f20f883e
[2022-09-10 20:42:07]--[src_cgi/login_cgi.c:101]--mysql_user = root, mysql_pwd = root, mysql_db = cloud_disk
[2022-09-10 20:42:07]--[src_cgi/login_cgi.c:162]--redis:[ip=127.0.0.1,port=6379]
[2022-09-10 20:42:07]--[src_cgi/login_cgi.c:186]--tmp = lwx126114412808
[2022-09-10 20:42:07]--[src_cgi/login_cgi.c:202]--base64 = IaYKjMjFepA3AeY9IW9Chg==
[2022-09-10 20:42:07]--[src_cgi/login_cgi.c:304]--token = 16a6a85af7e8d505a51bcd25b68daace
[2022-09-10 21:16:33]--[src_cgi/login_cgi.c:289]--buf = {
    "pwd": "e10adc3949ba59abbe56e057f20f883e",
    "user": "lwx"
}

[2022-09-10 21:16:33]--[src_cgi/login_cgi.c:54]--child1->valuestring = lwx
[2022-09-10 21:16:33]--[src_cgi/login_cgi.c:66]--child1->valuestring = lwx
[2022-09-10 21:16:33]--[src_cgi/login_cgi.c:295]--user = lwx, pwd = e10adc3949ba59abbe56e057f20f883e
[2022-09-10 21:16:33]--[src_cgi/login_cgi.c:101]--mysql_user = root, mysql_pwd = root, mysql_db = cloud_disk
[2022-09-10 21:16:33]--[src_cgi/login_cgi.c:162]--redis:[ip=127.0.0.1,port=6379]
[2022-09-10 21:16:33]--[src_cgi/login_cgi.c:186]--tmp = lwx83310882286
[2022-09-10 21:16:33]--[src_cgi/login_cgi.c:202]--base64 = LM5tLYjWWgpsLaK8rHDtNQ==
[2022-09-10 21:16:33]--[src_cgi/login_cgi.c:304]--token = 19d0cc5099cd4afa305ce9f0d13a3f30
