[2022-09-11 14:10:01]--[src_cgi/md5_cgi.c:40]--mysql:[user=root,pwd=root,database=cloud_disk][2022-09-11 14:12:19]--[src_cgi/md5_cgi.c:339]--buf = {
    "fileName": "Linux本地端口开放命令.txt",
    "md5": "36ab2e241431f71b938ba56e74c2d573",
    "token": "6fcde14df248073a306659595116a3bd",
    "user": "lwx"
}

[2022-09-11 14:12:19]--[src_cgi/md5_cgi.c:361]--user = lwx, token = 6fcde14df248073a306659595116a3bd, md5 = 36ab2e241431f71b938ba56e74c2d573, filename = Linux本地端口开放命令.txt
[2022-09-11 14:32:31]--[src_cgi/md5_cgi.c:40]--mysql:[user=root,pwd=root,database=cloud_disk][2022-09-11 14:35:54]--[src_cgi/md5_cgi.c:40]--mysql:[user=root,pwd=root,database=cloud_disk][2022-09-11 14:47:39]--[src_cgi/md5_cgi.c:40]--mysql:[user=root,pwd=root,database=cloud_disk][2022-09-11 14:48:13]--[src_cgi/md5_cgi.c:339]--buf = {
    "fileName": "5d774dbe6a892.jpg",
    "md5": "0637f34d7f1c431b609a90fcf7263ea4",
    "token": "e2f900ac4acca4327ed33dbc6d4ca65e",
    "user": "lwx"
}

[2022-09-11 14:48:13]--[src_cgi/md5_cgi.c:361]--user = lwx, token = e2f900ac4acca4327ed33dbc6d4ca65e, md5 = 0637f34d7f1c431b609a90fcf7263ea4, filename = 5d774dbe6a892.jpg
[2022-09-11 14:48:39]--[src_cgi/md5_cgi.c:339]--buf = {
    "fileName": "gC++必看.txt",
    "md5": "1c6a2ee2eca25cd22213dac71702635b",
    "token": "e2f900ac4acca4327ed33dbc6d4ca65e",
    "user": "lwx"
}

[2022-09-11 14:48:39]--[src_cgi/md5_cgi.c:361]--user = lwx, token = e2f900ac4acca4327ed33dbc6d4ca65e, md5 = 1c6a2ee2eca25cd22213dac71702635b, filename = gC++必看.txt
[2022-09-11 17:01:52]--[src_cgi/md5_cgi.c:40]--mysql:[user=root,pwd=root,database=cloud_disk][2022-09-11 17:04:14]--[src_cgi/md5_cgi.c:339]--buf = {
    "fileName": "使用说明.txt",
    "md5": "e3bea7775b82e180d42df4e0c48e9710",
    "token": "98fec96acf26736a5c8587109ecd5d68",
    "user": "llwwxx"
}

[2022-09-11 17:04:14]--[src_cgi/md5_cgi.c:361]--user = llwwxx, token = 98fec96acf26736a5c8587109ecd5d68, md5 = e3bea7775b82e180d42df4e0c48e9710, filename = 使用说明.txt
[2022-09-11 17:16:33]--[src_cgi/md5_cgi.c:40]--mysql:[user=root,pwd=root,database=cloud_disk][2022-09-11 17:17:56]--[src_cgi/md5_cgi.c:339]--buf = {
    "fileName": "游戏运行出错原因及解决方案.txt",
    "md5": "abeebd24a3e62150c177c19a79b769d4",
    "token": "b73aab19120d0ca52d1cc1329b509ef3",
    "user": "llwwxx"
}

[2022-09-11 17:17:56]--[src_cgi/md5_cgi.c:361]--user = llwwxx, token = b73aab19120d0ca52d1cc1329b509ef3, md5 = abeebd24a3e62150c177c19a79b769d4, filename = 游戏运行出错原因及解决方案.txt
