[2022-09-10 12:47:21]--[src_cgi/md5_cgi.c:40]--mysql:[user=root,pwd=root,database=cloud_disk][2022-09-10 13:10:02]--[src_cgi/md5_cgi.c:40]--mysql:[user=root,pwd=root,database=cloud_disk][2022-09-10 13:13:27]--[src_cgi/md5_cgi.c:40]--mysql:[user=root,pwd=root,database=cloud_disk][2022-09-10 13:15:16]--[src_cgi/md5_cgi.c:339]--buf = {
    "fileName": "欧阳珺学习心得.txt",
    "md5": "4437fae69c884cbcd26be9879102de6e",
    "token": "c6a2f229964153e2b6a40db9298923c9",
    "user": "llwwxx"
}

[2022-09-10 13:15:16]--[src_cgi/md5_cgi.c:361]--user = llwwxx, token = c6a2f229964153e2b6a40db9298923c9, md5 = 4437fae69c884cbcd26be9879102de6e, filename = 欧阳珺学习心得.txt
[2022-09-10 13:20:25]--[src_cgi/md5_cgi.c:326]--len = 0, No data from standard input
[2022-09-10 20:39:35]--[src_cgi/md5_cgi.c:40]--mysql:[user=root,pwd=root,database=cloud_disk][2022-09-10 20:40:13]--[src_cgi/md5_cgi.c:339]--buf = {
    "fileName": "man文档设置.txt",
    "md5": "cdc0af3a90ca61000561473cfca53436",
    "token": "3f0a4319d9abf7f0e7c83ad8c29d0b2b",
    "user": "lxl"
}

[2022-09-10 20:40:13]--[src_cgi/md5_cgi.c:361]--user = lxl, token = 3f0a4319d9abf7f0e7c83ad8c29d0b2b, md5 = cdc0af3a90ca61000561473cfca53436, filename = man文档设置.txt
[2022-09-10 20:42:15]--[src_cgi/md5_cgi.c:339]--buf = {
    "fileName": "man文档设置.txt",
    "md5": "cdc0af3a90ca61000561473cfca53436",
    "token": "16a6a85af7e8d505a51bcd25b68daace",
    "user": "lwx"
}

[2022-09-10 20:42:15]--[src_cgi/md5_cgi.c:361]--user = lwx, token = 16a6a85af7e8d505a51bcd25b68daace, md5 = cdc0af3a90ca61000561473cfca53436, filename = man文档设置.txt
[2022-09-10 21:16:41]--[src_cgi/md5_cgi.c:339]--buf = {
    "fileName": "Makefile",
    "md5": "5b1ee9fb4e61be71e460a742d6939647",
    "token": "19d0cc5099cd4afa305ce9f0d13a3f30",
    "user": "lwx"
}

[2022-09-10 21:16:41]--[src_cgi/md5_cgi.c:361]--user = lwx, token = 19d0cc5099cd4afa305ce9f0d13a3f30, md5 = 5b1ee9fb4e61be71e460a742d6939647, filename = Makefile
