[2022-09-11 14:10:01]--[src_cgi/myfiles_cgi.c:40]--mysql:[user=root,pwd=root,database=cloud_disk][2022-09-11 14:11:33]--[src_cgi/myfiles_cgi.c:497]--cmd = count
[2022-09-11 14:11:33]--[src_cgi/myfiles_cgi.c:529]--buf = {
    "token": "6fcde14df248073a306659595116a3bd",
    "user": "lwx"
}

[2022-09-11 14:11:33]--[src_cgi/myfiles_cgi.c:81]--child1->valuestring = lwx
[2022-09-11 14:11:33]--[src_cgi/myfiles_cgi.c:93]--child2->valuestring = 6fcde14df248073a306659595116a3bd
[2022-09-11 14:11:33]--[src_cgi/myfiles_cgi.c:162]--ret2=0
[2022-09-11 14:11:33]--[src_cgi/myfiles_cgi.c:177]--line = 1
[2022-09-11 14:11:33]--[src_cgi/myfiles_cgi.c:497]--cmd = normal
[2022-09-11 14:11:33]--[src_cgi/myfiles_cgi.c:529]--buf = {
    "count": 1,
    "start": 0,
    "token": "6fcde14df248073a306659595116a3bd",
    "user": "lwx"
}

[2022-09-11 14:11:33]--[src_cgi/myfiles_cgi.c:549]--user = lwx, token = 6fcde14df248073a306659595116a3bd, start = 0, count = 1
[2022-09-11 14:11:33]--[src_cgi/myfiles_cgi.c:307]--select user_file_list.*, file_info.url, file_info.size, file_info.type from file_info, user_file_list where user = 'lwx' and file_info.md5 = user_file_list.md5 limit 0, 1 在操作
[2022-09-11 14:11:33]--[src_cgi/myfiles_cgi.c:429]--{
	"files":	[{
			"user":	"lwx",
			"md5":	"5b1ee9fb4e61be71e460a742d6939647",
			"time":	"2022-09-10 21:16:41",
			"filename":	"Makefile",
			"share_status":	0,
			"pv":	0,
			"url":	"http://10.0.24.12:8888/group1/M00/00/00/CgAYDGMcjjmAKWVhAABEgPHdf7o6083419",
			"size":	17536,
			"type":	"null"
		}]
}
[2022-09-11 14:11:49]--[src_cgi/myfiles_cgi.c:497]--cmd = count
[2022-09-11 14:11:49]--[src_cgi/myfiles_cgi.c:529]--buf = {
    "token": "6fcde14df248073a306659595116a3bd",
    "user": "lwx"
}

[2022-09-11 14:11:49]--[src_cgi/myfiles_cgi.c:81]--child1->valuestring = lwx
[2022-09-11 14:11:49]--[src_cgi/myfiles_cgi.c:93]--child2->valuestring = 6fcde14df248073a306659595116a3bd
[2022-09-11 14:11:49]--[src_cgi/myfiles_cgi.c:162]--ret2=0
[2022-09-11 14:11:49]--[src_cgi/myfiles_cgi.c:177]--line = 1
[2022-09-11 14:11:49]--[src_cgi/myfiles_cgi.c:497]--cmd = normal
[2022-09-11 14:11:49]--[src_cgi/myfiles_cgi.c:529]--buf = {
    "count": 1,
    "start": 0,
    "token": "6fcde14df248073a306659595116a3bd",
    "user": "lwx"
}

[2022-09-11 14:11:49]--[src_cgi/myfiles_cgi.c:549]--user = lwx, token = 6fcde14df248073a306659595116a3bd, start = 0, count = 1
[2022-09-11 14:11:49]--[src_cgi/myfiles_cgi.c:307]--select user_file_list.*, file_info.url, file_info.size, file_info.type from file_info, user_file_list where user = 'lwx' and file_info.md5 = user_file_list.md5 limit 0, 1 在操作
[2022-09-11 14:11:49]--[src_cgi/myfiles_cgi.c:429]--{
	"files":	[{
			"user":	"lwx",
			"md5":	"5b1ee9fb4e61be71e460a742d6939647",
			"time":	"2022-09-10 21:16:41",
			"filename":	"Makefile",
			"share_status":	0,
			"pv":	0,
			"url":	"http://10.0.24.12:8888/group1/M00/00/00/CgAYDGMcjjmAKWVhAABEgPHdf7o6083419",
			"size":	17536,
			"type":	"null"
		}]
}
[2022-09-11 14:12:24]--[src_cgi/myfiles_cgi.c:497]--cmd = count
[2022-09-11 14:12:24]--[src_cgi/myfiles_cgi.c:529]--buf = {
    "token": "6fcde14df248073a306659595116a3bd",
    "user": "lwx"
}

[2022-09-11 14:12:24]--[src_cgi/myfiles_cgi.c:81]--child1->valuestring = lwx
[2022-09-11 14:12:24]--[src_cgi/myfiles_cgi.c:93]--child2->valuestring = 6fcde14df248073a306659595116a3bd
[2022-09-11 14:12:24]--[src_cgi/myfiles_cgi.c:162]--ret2=0
[2022-09-11 14:12:24]--[src_cgi/myfiles_cgi.c:177]--line = 2
[2022-09-11 14:12:24]--[src_cgi/myfiles_cgi.c:497]--cmd = normal
[2022-09-11 14:12:24]--[src_cgi/myfiles_cgi.c:529]--buf = {
    "count": 2,
    "start": 0,
    "token": "6fcde14df248073a306659595116a3bd",
    "user": "lwx"
}

[2022-09-11 14:12:24]--[src_cgi/myfiles_cgi.c:549]--user = lwx, token = 6fcde14df248073a306659595116a3bd, start = 0, count = 2
[2022-09-11 14:12:24]--[src_cgi/myfiles_cgi.c:307]--select user_file_list.*, file_info.url, file_info.size, file_info.type from file_info, user_file_list where user = 'lwx' and file_info.md5 = user_file_list.md5 limit 0, 2 在操作
[2022-09-11 14:12:24]--[src_cgi/myfiles_cgi.c:429]--{
	"files":	[{
			"user":	"lwx",
			"md5":	"5b1ee9fb4e61be71e460a742d6939647",
			"time":	"2022-09-10 21:16:41",
			"filename":	"Makefile",
			"share_status":	0,
			"pv":	0,
			"url":	"http://10.0.24.12:8888/group1/M00/00/00/CgAYDGMcjjmAKWVhAABEgPHdf7o6083419",
			"size":	17536,
			"type":	"null"
		}, {
			"user":	"lwx",
			"md5":	"36ab2e241431f71b938ba56e74c2d573",
			"time":	"2022-09-11 14:12:19",
			"filename":	"Linux本地端口开放命令.txt",
			"share_status":	0,
			"pv":	0,
			"url":	"http://10.0.24.12:8888/group1/M00/00/00/CgAYDGMdfEOAdJqEAAAEN0Q9Ss4999.txt",
			"size":	1079,
			"type":	"txt"
		}]
}
[2022-09-11 14:13:51]--[src_cgi/myfiles_cgi.c:497]--cmd = count
[2022-09-11 14:13:51]--[src_cgi/myfiles_cgi.c:529]--buf = {
    "token": "6fcde14df248073a306659595116a3bd",
    "user": "lwx"
}

[2022-09-11 14:13:51]--[src_cgi/myfiles_cgi.c:81]--child1->valuestring = lwx
[2022-09-11 14:13:51]--[src_cgi/myfiles_cgi.c:93]--child2->valuestring = 6fcde14df248073a306659595116a3bd
[2022-09-11 14:13:51]--[src_cgi/myfiles_cgi.c:162]--ret2=0
[2022-09-11 14:13:51]--[src_cgi/myfiles_cgi.c:177]--line = 2
[2022-09-11 14:13:51]--[src_cgi/myfiles_cgi.c:497]--cmd = normal
[2022-09-11 14:13:51]--[src_cgi/myfiles_cgi.c:529]--buf = {
    "count": 2,
    "start": 0,
    "token": "6fcde14df248073a306659595116a3bd",
    "user": "lwx"
}

[2022-09-11 14:13:51]--[src_cgi/myfiles_cgi.c:549]--user = lwx, token = 6fcde14df248073a306659595116a3bd, start = 0, count = 2
[2022-09-11 14:13:51]--[src_cgi/myfiles_cgi.c:307]--select user_file_list.*, file_info.url, file_info.size, file_info.type from file_info, user_file_list where user = 'lwx' and file_info.md5 = user_file_list.md5 limit 0, 2 在操作
[2022-09-11 14:13:51]--[src_cgi/myfiles_cgi.c:429]--{
	"files":	[{
			"user":	"lwx",
			"md5":	"5b1ee9fb4e61be71e460a742d6939647",
			"time":	"2022-09-10 21:16:41",
			"filename":	"Makefile",
			"share_status":	0,
			"pv":	0,
			"url":	"http://10.0.24.12:8888/group1/M00/00/00/CgAYDGMcjjmAKWVhAABEgPHdf7o6083419",
			"size":	17536,
			"type":	"null"
		}, {
			"user":	"lwx",
			"md5":	"36ab2e241431f71b938ba56e74c2d573",
			"time":	"2022-09-11 14:12:19",
			"filename":	"Linux本地端口开放命令.txt",
			"share_status":	0,
			"pv":	1,
			"url":	"http://10.0.24.12:8888/group1/M00/00/00/CgAYDGMdfEOAdJqEAAAEN0Q9Ss4999.txt",
			"size":	1079,
			"type":	"txt"
		}]
}
[2022-09-11 14:18:51]--[src_cgi/myfiles_cgi.c:497]--cmd = count
[2022-09-11 14:18:51]--[src_cgi/myfiles_cgi.c:516]--len = 0, No data from standard input
[2022-09-11 14:32:31]--[src_cgi/myfiles_cgi.c:40]--mysql:[user=root,pwd=root,database=cloud_disk][2022-09-11 14:32:39]--[src_cgi/myfiles_cgi.c:497]--cmd = count
[2022-09-11 14:32:39]--[src_cgi/myfiles_cgi.c:529]--buf = {
    "token": "6fcde14df248073a306659595116a3bd",
    "user": "lwx"
}

[2022-09-11 14:32:39]--[src_cgi/myfiles_cgi.c:81]--child1->valuestring = lwx
[2022-09-11 14:32:39]--[src_cgi/myfiles_cgi.c:93]--child2->valuestring = 6fcde14df248073a306659595116a3bd
[2022-09-11 14:32:39]--[src_cgi/myfiles_cgi.c:162]--ret2=0
[2022-09-11 14:32:39]--[src_cgi/myfiles_cgi.c:177]--line = 2
[2022-09-11 14:32:39]--[src_cgi/myfiles_cgi.c:497]--cmd = normal
[2022-09-11 14:32:39]--[src_cgi/myfiles_cgi.c:529]--buf = {
    "count": 2,
    "start": 0,
    "token": "6fcde14df248073a306659595116a3bd",
    "user": "lwx"
}

[2022-09-11 14:32:39]--[src_cgi/myfiles_cgi.c:549]--user = lwx, token = 6fcde14df248073a306659595116a3bd, start = 0, count = 2
[2022-09-11 14:32:57]--[src_cgi/myfiles_cgi.c:497]--cmd = count
[2022-09-11 14:32:57]--[src_cgi/myfiles_cgi.c:529]--buf = {
    "token": "85d78c081bfaf5742e0d6c4722859754",
    "user": "lwx"
}

[2022-09-11 14:32:57]--[src_cgi/myfiles_cgi.c:81]--child1->valuestring = lwx
[2022-09-11 14:32:57]--[src_cgi/myfiles_cgi.c:93]--child2->valuestring = 85d78c081bfaf5742e0d6c4722859754
[2022-09-11 14:32:57]--[src_cgi/myfiles_cgi.c:162]--ret2=0
[2022-09-11 14:32:57]--[src_cgi/myfiles_cgi.c:177]--line = 2
[2022-09-11 14:32:57]--[src_cgi/myfiles_cgi.c:497]--cmd = normal
[2022-09-11 14:32:57]--[src_cgi/myfiles_cgi.c:529]--buf = {
    "count": 2,
    "start": 0,
    "token": "85d78c081bfaf5742e0d6c4722859754",
    "user": "lwx"
}

[2022-09-11 14:32:57]--[src_cgi/myfiles_cgi.c:549]--user = lwx, token = 85d78c081bfaf5742e0d6c4722859754, start = 0, count = 2
[2022-09-11 14:32:57]--[src_cgi/myfiles_cgi.c:307]--select user_file_list.*, file_info.url, file_info.size, file_info.type from file_info, user_file_list where user = 'lwx' and file_info.md5 = user_file_list.md5 limit 0, 2 在操作
[2022-09-11 14:32:57]--[src_cgi/myfiles_cgi.c:429]--{
	"files":	[{
			"user":	"lwx",
			"md5":	"5b1ee9fb4e61be71e460a742d6939647",
			"time":	"2022-09-10 21:16:41",
			"filename":	"Makefile",
			"share_status":	0,
			"pv":	0,
			"url":	"http://10.0.24.12:8888/group1/M00/00/00/CgAYDGMcjjmAKWVhAABEgPHdf7o6083419",
			"size":	17536,
			"type":	"null"
		}, {
			"user":	"lwx",
			"md5":	"36ab2e241431f71b938ba56e74c2d573",
			"time":	"2022-09-11 14:12:19",
			"filename":	"Linux本地端口开放命令.txt",
			"share_status":	0,
			"pv":	2,
			"url":	"http://10.0.24.12:8888/group1/M00/00/00/CgAYDGMdfEOAdJqEAAAEN0Q9Ss4999.txt",
			"size":	1079,
			"type":	"txt"
		}]
}
[2022-09-11 14:32:58]--[src_cgi/myfiles_cgi.c:497]--cmd = count
[2022-09-11 14:32:58]--[src_cgi/myfiles_cgi.c:529]--buf = {
    "token": "85d78c081bfaf5742e0d6c4722859754",
    "user": "lwx"
}

[2022-09-11 14:32:58]--[src_cgi/myfiles_cgi.c:81]--child1->valuestring = lwx
[2022-09-11 14:32:58]--[src_cgi/myfiles_cgi.c:93]--child2->valuestring = 85d78c081bfaf5742e0d6c4722859754
[2022-09-11 14:32:58]--[src_cgi/myfiles_cgi.c:162]--ret2=0
[2022-09-11 14:32:58]--[src_cgi/myfiles_cgi.c:177]--line = 2
[2022-09-11 14:32:59]--[src_cgi/myfiles_cgi.c:497]--cmd = normal
[2022-09-11 14:32:59]--[src_cgi/myfiles_cgi.c:529]--buf = {
    "count": 2,
    "start": 0,
    "token": "85d78c081bfaf5742e0d6c4722859754",
    "user": "lwx"
}

[2022-09-11 14:32:59]--[src_cgi/myfiles_cgi.c:549]--user = lwx, token = 85d78c081bfaf5742e0d6c4722859754, start = 0, count = 2
[2022-09-11 14:32:59]--[src_cgi/myfiles_cgi.c:307]--select user_file_list.*, file_info.url, file_info.size, file_info.type from file_info, user_file_list where user = 'lwx' and file_info.md5 = user_file_list.md5 limit 0, 2 在操作
[2022-09-11 14:32:59]--[src_cgi/myfiles_cgi.c:429]--{
	"files":	[{
			"user":	"lwx",
			"md5":	"5b1ee9fb4e61be71e460a742d6939647",
			"time":	"2022-09-10 21:16:41",
			"filename":	"Makefile",
			"share_status":	0,
			"pv":	0,
			"url":	"http://10.0.24.12:8888/group1/M00/00/00/CgAYDGMcjjmAKWVhAABEgPHdf7o6083419",
			"size":	17536,
			"type":	"null"
		}, {
			"user":	"lwx",
			"md5":	"36ab2e241431f71b938ba56e74c2d573",
			"time":	"2022-09-11 14:12:19",
			"filename":	"Linux本地端口开放命令.txt",
			"share_status":	0,
			"pv":	2,
			"url":	"http://10.0.24.12:8888/group1/M00/00/00/CgAYDGMdfEOAdJqEAAAEN0Q9Ss4999.txt",
			"size":	1079,
			"type":	"txt"
		}]
}
[2022-09-11 14:33:05]--[src_cgi/myfiles_cgi.c:497]--cmd = count
[2022-09-11 14:33:05]--[src_cgi/myfiles_cgi.c:529]--buf = {
    "token": "85d78c081bfaf5742e0d6c4722859754",
    "user": "lwx"
}

[2022-09-11 14:33:05]--[src_cgi/myfiles_cgi.c:81]--child1->valuestring = lwx
[2022-09-11 14:33:05]--[src_cgi/myfiles_cgi.c:93]--child2->valuestring = 85d78c081bfaf5742e0d6c4722859754
[2022-09-11 14:33:05]--[src_cgi/myfiles_cgi.c:162]--ret2=0
[2022-09-11 14:33:05]--[src_cgi/myfiles_cgi.c:177]--line = 2
[2022-09-11 14:33:05]--[src_cgi/myfiles_cgi.c:497]--cmd = normal
[2022-09-11 14:33:05]--[src_cgi/myfiles_cgi.c:529]--buf = {
    "count": 2,
    "start": 0,
    "token": "85d78c081bfaf5742e0d6c4722859754",
    "user": "lwx"
}

[2022-09-11 14:33:05]--[src_cgi/myfiles_cgi.c:549]--user = lwx, token = 85d78c081bfaf5742e0d6c4722859754, start = 0, count = 2
[2022-09-11 14:33:05]--[src_cgi/myfiles_cgi.c:307]--select user_file_list.*, file_info.url, file_info.size, file_info.type from file_info, user_file_list where user = 'lwx' and file_info.md5 = user_file_list.md5 limit 0, 2 在操作
[2022-09-11 14:33:05]--[src_cgi/myfiles_cgi.c:429]--{
	"files":	[{
			"user":	"lwx",
			"md5":	"5b1ee9fb4e61be71e460a742d6939647",
			"time":	"2022-09-10 21:16:41",
			"filename":	"Makefile",
			"share_status":	0,
			"pv":	0,
			"url":	"http://10.0.24.12:8888/group1/M00/00/00/CgAYDGMcjjmAKWVhAABEgPHdf7o6083419",
			"size":	17536,
			"type":	"null"
		}, {
			"user":	"lwx",
			"md5":	"36ab2e241431f71b938ba56e74c2d573",
			"time":	"2022-09-11 14:12:19",
			"filename":	"Linux本地端口开放命令.txt",
			"share_status":	0,
			"pv":	2,
			"url":	"http://10.0.24.12:8888/group1/M00/00/00/CgAYDGMdfEOAdJqEAAAEN0Q9Ss4999.txt",
			"size":	1079,
			"type":	"txt"
		}]
}
[2022-09-11 14:35:54]--[src_cgi/myfiles_cgi.c:40]--mysql:[user=root,pwd=root,database=cloud_disk][2022-09-11 14:36:01]--[src_cgi/myfiles_cgi.c:497]--cmd = count
[2022-09-11 14:36:01]--[src_cgi/myfiles_cgi.c:529]--buf = {
    "token": "56077e54a54aaa6d42345318e8926762",
    "user": "lwx"
}

[2022-09-11 14:36:01]--[src_cgi/myfiles_cgi.c:81]--child1->valuestring = lwx
[2022-09-11 14:36:01]--[src_cgi/myfiles_cgi.c:93]--child2->valuestring = 56077e54a54aaa6d42345318e8926762
[2022-09-11 14:36:01]--[src_cgi/myfiles_cgi.c:162]--ret2=0
[2022-09-11 14:36:01]--[src_cgi/myfiles_cgi.c:177]--line = 2
[2022-09-11 14:36:01]--[src_cgi/myfiles_cgi.c:497]--cmd = normal
[2022-09-11 14:36:01]--[src_cgi/myfiles_cgi.c:529]--buf = {
    "count": 2,
    "start": 0,
    "token": "56077e54a54aaa6d42345318e8926762",
    "user": "lwx"
}

[2022-09-11 14:36:01]--[src_cgi/myfiles_cgi.c:549]--user = lwx, token = 56077e54a54aaa6d42345318e8926762, start = 0, count = 2
[2022-09-11 14:36:01]--[src_cgi/myfiles_cgi.c:307]--select user_file_list.*, file_info.url, file_info.size, file_info.type from file_info, user_file_list where user = 'lwx' and file_info.md5 = user_file_list.md5 limit 0, 2 在操作
[2022-09-11 14:36:01]--[src_cgi/myfiles_cgi.c:429]--{
	"files":	[{
			"user":	"lwx",
			"md5":	"5b1ee9fb4e61be71e460a742d6939647",
			"time":	"2022-09-10 21:16:41",
			"filename":	"Makefile",
			"share_status":	0,
			"pv":	0,
			"url":	"http://10.0.24.12:8888/group1/M00/00/00/CgAYDGMcjjmAKWVhAABEgPHdf7o6083419",
			"size":	17536,
			"type":	"null"
		}, {
			"user":	"lwx",
			"md5":	"36ab2e241431f71b938ba56e74c2d573",
			"time":	"2022-09-11 14:12:19",
			"filename":	"Linux本地端口开放命令.txt",
			"share_status":	0,
			"pv":	2,
			"url":	"http://10.0.24.12:8888/group1/M00/00/00/CgAYDGMdfEOAdJqEAAAEN0Q9Ss4999.txt",
			"size":	1079,
			"type":	"txt"
		}]
}
[2022-09-11 14:36:02]--[src_cgi/myfiles_cgi.c:497]--cmd = count
[2022-09-11 14:36:02]--[src_cgi/myfiles_cgi.c:529]--buf = {
    "token": "56077e54a54aaa6d42345318e8926762",
    "user": "lwx"
}

[2022-09-11 14:36:02]--[src_cgi/myfiles_cgi.c:81]--child1->valuestring = lwx
[2022-09-11 14:36:02]--[src_cgi/myfiles_cgi.c:93]--child2->valuestring = 56077e54a54aaa6d42345318e8926762
[2022-09-11 14:36:02]--[src_cgi/myfiles_cgi.c:162]--ret2=0
[2022-09-11 14:36:02]--[src_cgi/myfiles_cgi.c:177]--line = 2
[2022-09-11 14:36:03]--[src_cgi/myfiles_cgi.c:497]--cmd = normal
[2022-09-11 14:36:03]--[src_cgi/myfiles_cgi.c:529]--buf = {
    "count": 2,
    "start": 0,
    "token": "56077e54a54aaa6d42345318e8926762",
    "user": "lwx"
}

[2022-09-11 14:36:03]--[src_cgi/myfiles_cgi.c:549]--user = lwx, token = 56077e54a54aaa6d42345318e8926762, start = 0, count = 2
[2022-09-11 14:36:03]--[src_cgi/myfiles_cgi.c:307]--select user_file_list.*, file_info.url, file_info.size, file_info.type from file_info, user_file_list where user = 'lwx' and file_info.md5 = user_file_list.md5 limit 0, 2 在操作
[2022-09-11 14:36:03]--[src_cgi/myfiles_cgi.c:429]--{
	"files":	[{
			"user":	"lwx",
			"md5":	"5b1ee9fb4e61be71e460a742d6939647",
			"time":	"2022-09-10 21:16:41",
			"filename":	"Makefile",
			"share_status":	0,
			"pv":	0,
			"url":	"http://10.0.24.12:8888/group1/M00/00/00/CgAYDGMcjjmAKWVhAABEgPHdf7o6083419",
			"size":	17536,
			"type":	"null"
		}, {
			"user":	"lwx",
			"md5":	"36ab2e241431f71b938ba56e74c2d573",
			"time":	"2022-09-11 14:12:19",
			"filename":	"Linux本地端口开放命令.txt",
			"share_status":	0,
			"pv":	2,
			"url":	"http://10.0.24.12:8888/group1/M00/00/00/CgAYDGMdfEOAdJqEAAAEN0Q9Ss4999.txt",
			"size":	1079,
			"type":	"txt"
		}]
}
[2022-09-11 14:47:39]--[src_cgi/myfiles_cgi.c:40]--mysql:[user=root,pwd=root,database=cloud_disk][2022-09-11 14:47:59]--[src_cgi/myfiles_cgi.c:497]--cmd = count
[2022-09-11 14:47:59]--[src_cgi/myfiles_cgi.c:529]--buf = {
    "token": "e2f900ac4acca4327ed33dbc6d4ca65e",
    "user": "lwx"
}

[2022-09-11 14:47:59]--[src_cgi/myfiles_cgi.c:81]--child1->valuestring = lwx
[2022-09-11 14:47:59]--[src_cgi/myfiles_cgi.c:93]--child2->valuestring = e2f900ac4acca4327ed33dbc6d4ca65e
[2022-09-11 14:47:59]--[src_cgi/myfiles_cgi.c:162]--ret2=0
[2022-09-11 14:47:59]--[src_cgi/myfiles_cgi.c:177]--line = 2
[2022-09-11 14:47:59]--[src_cgi/myfiles_cgi.c:497]--cmd = normal
[2022-09-11 14:47:59]--[src_cgi/myfiles_cgi.c:529]--buf = {
    "count": 2,
    "start": 0,
    "token": "e2f900ac4acca4327ed33dbc6d4ca65e",
    "user": "lwx"
}

[2022-09-11 14:47:59]--[src_cgi/myfiles_cgi.c:549]--user = lwx, token = e2f900ac4acca4327ed33dbc6d4ca65e, start = 0, count = 2
[2022-09-11 14:47:59]--[src_cgi/myfiles_cgi.c:307]--select user_file_list.*, file_info.url, file_info.size, file_info.type from file_info, user_file_list where user = 'lwx' and file_info.md5 = user_file_list.md5 limit 0, 2 在操作
[2022-09-11 14:47:59]--[src_cgi/myfiles_cgi.c:429]--{
	"files":	[{
			"user":	"lwx",
			"md5":	"5b1ee9fb4e61be71e460a742d6939647",
			"time":	"2022-09-10 21:16:41",
			"filename":	"Makefile",
			"share_status":	0,
			"pv":	0,
			"url":	"http://10.0.24.12:8888/group1/M00/00/00/CgAYDGMcjjmAKWVhAABEgPHdf7o6083419",
			"size":	17536,
			"type":	"null"
		}, {
			"user":	"lwx",
			"md5":	"36ab2e241431f71b938ba56e74c2d573",
			"time":	"2022-09-11 14:12:19",
			"filename":	"Linux本地端口开放命令.txt",
			"share_status":	0,
			"pv":	2,
			"url":	"http://10.0.24.12:8888/group1/M00/00/00/CgAYDGMdfEOAdJqEAAAEN0Q9Ss4999.txt",
			"size":	1079,
			"type":	"txt"
		}]
}
[2022-09-11 14:48:04]--[src_cgi/myfiles_cgi.c:497]--cmd = count
[2022-09-11 14:48:04]--[src_cgi/myfiles_cgi.c:529]--buf = {
    "token": "e2f900ac4acca4327ed33dbc6d4ca65e",
    "user": "lwx"
}

[2022-09-11 14:48:04]--[src_cgi/myfiles_cgi.c:81]--child1->valuestring = lwx
[2022-09-11 14:48:04]--[src_cgi/myfiles_cgi.c:93]--child2->valuestring = e2f900ac4acca4327ed33dbc6d4ca65e
[2022-09-11 14:48:04]--[src_cgi/myfiles_cgi.c:162]--ret2=0
[2022-09-11 14:48:04]--[src_cgi/myfiles_cgi.c:177]--line = 2
[2022-09-11 14:48:04]--[src_cgi/myfiles_cgi.c:497]--cmd = normal
[2022-09-11 14:48:04]--[src_cgi/myfiles_cgi.c:529]--buf = {
    "count": 2,
    "start": 0,
    "token": "e2f900ac4acca4327ed33dbc6d4ca65e",
    "user": "lwx"
}

[2022-09-11 14:48:04]--[src_cgi/myfiles_cgi.c:549]--user = lwx, token = e2f900ac4acca4327ed33dbc6d4ca65e, start = 0, count = 2
[2022-09-11 14:48:04]--[src_cgi/myfiles_cgi.c:307]--select user_file_list.*, file_info.url, file_info.size, file_info.type from file_info, user_file_list where user = 'lwx' and file_info.md5 = user_file_list.md5 limit 0, 2 在操作
[2022-09-11 14:48:04]--[src_cgi/myfiles_cgi.c:429]--{
	"files":	[{
			"user":	"lwx",
			"md5":	"5b1ee9fb4e61be71e460a742d6939647",
			"time":	"2022-09-10 21:16:41",
			"filename":	"Makefile",
			"share_status":	0,
			"pv":	0,
			"url":	"http://10.0.24.12:8888/group1/M00/00/00/CgAYDGMcjjmAKWVhAABEgPHdf7o6083419",
			"size":	17536,
			"type":	"null"
		}, {
			"user":	"lwx",
			"md5":	"36ab2e241431f71b938ba56e74c2d573",
			"time":	"2022-09-11 14:12:19",
			"filename":	"Linux本地端口开放命令.txt",
			"share_status":	0,
			"pv":	2,
			"url":	"http://10.0.24.12:8888/group1/M00/00/00/CgAYDGMdfEOAdJqEAAAEN0Q9Ss4999.txt",
			"size":	1079,
			"type":	"txt"
		}]
}
[2022-09-11 14:48:22]--[src_cgi/myfiles_cgi.c:497]--cmd = count
[2022-09-11 14:48:22]--[src_cgi/myfiles_cgi.c:529]--buf = {
    "token": "e2f900ac4acca4327ed33dbc6d4ca65e",
    "user": "lwx"
}

[2022-09-11 14:48:22]--[src_cgi/myfiles_cgi.c:81]--child1->valuestring = lwx
[2022-09-11 14:48:22]--[src_cgi/myfiles_cgi.c:93]--child2->valuestring = e2f900ac4acca4327ed33dbc6d4ca65e
[2022-09-11 14:48:22]--[src_cgi/myfiles_cgi.c:162]--ret2=0
[2022-09-11 14:48:22]--[src_cgi/myfiles_cgi.c:177]--line = 2
[2022-09-11 14:48:22]--[src_cgi/myfiles_cgi.c:497]--cmd = normal
[2022-09-11 14:48:22]--[src_cgi/myfiles_cgi.c:529]--buf = {
    "count": 2,
    "start": 0,
    "token": "e2f900ac4acca4327ed33dbc6d4ca65e",
    "user": "lwx"
}

[2022-09-11 14:48:22]--[src_cgi/myfiles_cgi.c:549]--user = lwx, token = e2f900ac4acca4327ed33dbc6d4ca65e, start = 0, count = 2
[2022-09-11 14:48:22]--[src_cgi/myfiles_cgi.c:307]--select user_file_list.*, file_info.url, file_info.size, file_info.type from file_info, user_file_list where user = 'lwx' and file_info.md5 = user_file_list.md5 limit 0, 2 在操作
[2022-09-11 14:48:22]--[src_cgi/myfiles_cgi.c:429]--{
	"files":	[{
			"user":	"lwx",
			"md5":	"5b1ee9fb4e61be71e460a742d6939647",
			"time":	"2022-09-10 21:16:41",
			"filename":	"Makefile",
			"share_status":	0,
			"pv":	0,
			"url":	"http://10.0.24.12:8888/group1/M00/00/00/CgAYDGMcjjmAKWVhAABEgPHdf7o6083419",
			"size":	17536,
			"type":	"null"
		}, {
			"user":	"lwx",
			"md5":	"36ab2e241431f71b938ba56e74c2d573",
			"time":	"2022-09-11 14:12:19",
			"filename":	"Linux本地端口开放命令.txt",
			"share_status":	0,
			"pv":	2,
			"url":	"http://10.0.24.12:8888/group1/M00/00/00/CgAYDGMdfEOAdJqEAAAEN0Q9Ss4999.txt",
			"size":	1079,
			"type":	"txt"
		}]
}
[2022-09-11 14:48:26]--[src_cgi/myfiles_cgi.c:497]--cmd = count
[2022-09-11 14:48:26]--[src_cgi/myfiles_cgi.c:529]--buf = {
    "token": "e2f900ac4acca4327ed33dbc6d4ca65e",
    "user": "lwx"
}

[2022-09-11 14:48:26]--[src_cgi/myfiles_cgi.c:81]--child1->valuestring = lwx
[2022-09-11 14:48:26]--[src_cgi/myfiles_cgi.c:93]--child2->valuestring = e2f900ac4acca4327ed33dbc6d4ca65e
[2022-09-11 14:48:26]--[src_cgi/myfiles_cgi.c:162]--ret2=0
[2022-09-11 14:48:26]--[src_cgi/myfiles_cgi.c:177]--line = 2
[2022-09-11 14:48:26]--[src_cgi/myfiles_cgi.c:497]--cmd = normal
[2022-09-11 14:48:26]--[src_cgi/myfiles_cgi.c:529]--buf = {
    "count": 2,
    "start": 0,
    "token": "e2f900ac4acca4327ed33dbc6d4ca65e",
    "user": "lwx"
}

[2022-09-11 14:48:26]--[src_cgi/myfiles_cgi.c:549]--user = lwx, token = e2f900ac4acca4327ed33dbc6d4ca65e, start = 0, count = 2
[2022-09-11 14:48:26]--[src_cgi/myfiles_cgi.c:307]--select user_file_list.*, file_info.url, file_info.size, file_info.type from file_info, user_file_list where user = 'lwx' and file_info.md5 = user_file_list.md5 limit 0, 2 在操作
[2022-09-11 14:48:26]--[src_cgi/myfiles_cgi.c:429]--{
	"files":	[{
			"user":	"lwx",
			"md5":	"5b1ee9fb4e61be71e460a742d6939647",
			"time":	"2022-09-10 21:16:41",
			"filename":	"Makefile",
			"share_status":	0,
			"pv":	0,
			"url":	"http://10.0.24.12:8888/group1/M00/00/00/CgAYDGMcjjmAKWVhAABEgPHdf7o6083419",
			"size":	17536,
			"type":	"null"
		}, {
			"user":	"lwx",
			"md5":	"36ab2e241431f71b938ba56e74c2d573",
			"time":	"2022-09-11 14:12:19",
			"filename":	"Linux本地端口开放命令.txt",
			"share_status":	0,
			"pv":	2,
			"url":	"http://10.0.24.12:8888/group1/M00/00/00/CgAYDGMdfEOAdJqEAAAEN0Q9Ss4999.txt",
			"size":	1079,
			"type":	"txt"
		}]
}
[2022-09-11 14:48:31]--[src_cgi/myfiles_cgi.c:497]--cmd = count
[2022-09-11 14:48:31]--[src_cgi/myfiles_cgi.c:529]--buf = {
    "token": "e2f900ac4acca4327ed33dbc6d4ca65e",
    "user": "lwx"
}

[2022-09-11 14:48:31]--[src_cgi/myfiles_cgi.c:81]--child1->valuestring = lwx
[2022-09-11 14:48:31]--[src_cgi/myfiles_cgi.c:93]--child2->valuestring = e2f900ac4acca4327ed33dbc6d4ca65e
[2022-09-11 14:48:31]--[src_cgi/myfiles_cgi.c:162]--ret2=0
[2022-09-11 14:48:31]--[src_cgi/myfiles_cgi.c:177]--line = 2
[2022-09-11 14:48:31]--[src_cgi/myfiles_cgi.c:497]--cmd = normal
[2022-09-11 14:48:31]--[src_cgi/myfiles_cgi.c:529]--buf = {
    "count": 2,
    "start": 0,
    "token": "e2f900ac4acca4327ed33dbc6d4ca65e",
    "user": "lwx"
}

[2022-09-11 14:48:31]--[src_cgi/myfiles_cgi.c:549]--user = lwx, token = e2f900ac4acca4327ed33dbc6d4ca65e, start = 0, count = 2
[2022-09-11 14:48:31]--[src_cgi/myfiles_cgi.c:307]--select user_file_list.*, file_info.url, file_info.size, file_info.type from file_info, user_file_list where user = 'lwx' and file_info.md5 = user_file_list.md5 limit 0, 2 在操作
[2022-09-11 14:48:31]--[src_cgi/myfiles_cgi.c:429]--{
	"files":	[{
			"user":	"lwx",
			"md5":	"5b1ee9fb4e61be71e460a742d6939647",
			"time":	"2022-09-10 21:16:41",
			"filename":	"Makefile",
			"share_status":	0,
			"pv":	0,
			"url":	"http://10.0.24.12:8888/group1/M00/00/00/CgAYDGMcjjmAKWVhAABEgPHdf7o6083419",
			"size":	17536,
			"type":	"null"
		}, {
			"user":	"lwx",
			"md5":	"36ab2e241431f71b938ba56e74c2d573",
			"time":	"2022-09-11 14:12:19",
			"filename":	"Linux本地端口开放命令.txt",
			"share_status":	0,
			"pv":	2,
			"url":	"http://10.0.24.12:8888/group1/M00/00/00/CgAYDGMdfEOAdJqEAAAEN0Q9Ss4999.txt",
			"size":	1079,
			"type":	"txt"
		}]
}
[2022-09-11 14:48:47]--[src_cgi/myfiles_cgi.c:497]--cmd = count
[2022-09-11 14:48:47]--[src_cgi/myfiles_cgi.c:529]--buf = {
    "token": "e2f900ac4acca4327ed33dbc6d4ca65e",
    "user": "lwx"
}

[2022-09-11 14:48:47]--[src_cgi/myfiles_cgi.c:81]--child1->valuestring = lwx
[2022-09-11 14:48:47]--[src_cgi/myfiles_cgi.c:93]--child2->valuestring = e2f900ac4acca4327ed33dbc6d4ca65e
[2022-09-11 14:48:47]--[src_cgi/myfiles_cgi.c:162]--ret2=0
[2022-09-11 14:48:47]--[src_cgi/myfiles_cgi.c:177]--line = 2
[2022-09-11 14:48:47]--[src_cgi/myfiles_cgi.c:497]--cmd = normal
[2022-09-11 14:48:47]--[src_cgi/myfiles_cgi.c:529]--buf = {
    "count": 2,
    "start": 0,
    "token": "e2f900ac4acca4327ed33dbc6d4ca65e",
    "user": "lwx"
}

[2022-09-11 14:48:47]--[src_cgi/myfiles_cgi.c:549]--user = lwx, token = e2f900ac4acca4327ed33dbc6d4ca65e, start = 0, count = 2
[2022-09-11 14:48:47]--[src_cgi/myfiles_cgi.c:307]--select user_file_list.*, file_info.url, file_info.size, file_info.type from file_info, user_file_list where user = 'lwx' and file_info.md5 = user_file_list.md5 limit 0, 2 在操作
[2022-09-11 14:48:47]--[src_cgi/myfiles_cgi.c:429]--{
	"files":	[{
			"user":	"lwx",
			"md5":	"5b1ee9fb4e61be71e460a742d6939647",
			"time":	"2022-09-10 21:16:41",
			"filename":	"Makefile",
			"share_status":	0,
			"pv":	0,
			"url":	"http://10.0.24.12:8888/group1/M00/00/00/CgAYDGMcjjmAKWVhAABEgPHdf7o6083419",
			"size":	17536,
			"type":	"null"
		}, {
			"user":	"lwx",
			"md5":	"36ab2e241431f71b938ba56e74c2d573",
			"time":	"2022-09-11 14:12:19",
			"filename":	"Linux本地端口开放命令.txt",
			"share_status":	0,
			"pv":	2,
			"url":	"http://10.0.24.12:8888/group1/M00/00/00/CgAYDGMdfEOAdJqEAAAEN0Q9Ss4999.txt",
			"size":	1079,
			"type":	"txt"
		}]
}
[2022-09-11 14:48:51]--[src_cgi/myfiles_cgi.c:497]--cmd = count
[2022-09-11 14:48:51]--[src_cgi/myfiles_cgi.c:529]--buf = {
    "token": "e2f900ac4acca4327ed33dbc6d4ca65e",
    "user": "lwx"
}

[2022-09-11 14:48:51]--[src_cgi/myfiles_cgi.c:81]--child1->valuestring = lwx
[2022-09-11 14:48:51]--[src_cgi/myfiles_cgi.c:93]--child2->valuestring = e2f900ac4acca4327ed33dbc6d4ca65e
[2022-09-11 14:48:51]--[src_cgi/myfiles_cgi.c:162]--ret2=0
[2022-09-11 14:48:51]--[src_cgi/myfiles_cgi.c:177]--line = 2
[2022-09-11 14:48:51]--[src_cgi/myfiles_cgi.c:497]--cmd = normal
[2022-09-11 14:48:51]--[src_cgi/myfiles_cgi.c:529]--buf = {
    "count": 2,
    "start": 0,
    "token": "e2f900ac4acca4327ed33dbc6d4ca65e",
    "user": "lwx"
}

[2022-09-11 14:48:51]--[src_cgi/myfiles_cgi.c:549]--user = lwx, token = e2f900ac4acca4327ed33dbc6d4ca65e, start = 0, count = 2
[2022-09-11 14:48:51]--[src_cgi/myfiles_cgi.c:307]--select user_file_list.*, file_info.url, file_info.size, file_info.type from file_info, user_file_list where user = 'lwx' and file_info.md5 = user_file_list.md5 limit 0, 2 在操作
[2022-09-11 14:48:51]--[src_cgi/myfiles_cgi.c:429]--{
	"files":	[{
			"user":	"lwx",
			"md5":	"5b1ee9fb4e61be71e460a742d6939647",
			"time":	"2022-09-10 21:16:41",
			"filename":	"Makefile",
			"share_status":	0,
			"pv":	0,
			"url":	"http://10.0.24.12:8888/group1/M00/00/00/CgAYDGMcjjmAKWVhAABEgPHdf7o6083419",
			"size":	17536,
			"type":	"null"
		}, {
			"user":	"lwx",
			"md5":	"36ab2e241431f71b938ba56e74c2d573",
			"time":	"2022-09-11 14:12:19",
			"filename":	"Linux本地端口开放命令.txt",
			"share_status":	0,
			"pv":	2,
			"url":	"http://10.0.24.12:8888/group1/M00/00/00/CgAYDGMdfEOAdJqEAAAEN0Q9Ss4999.txt",
			"size":	1079,
			"type":	"txt"
		}]
}
[2022-09-11 14:49:01]--[src_cgi/myfiles_cgi.c:497]--cmd = count
[2022-09-11 14:49:01]--[src_cgi/myfiles_cgi.c:529]--buf = {
    "token": "e2f900ac4acca4327ed33dbc6d4ca65e",
    "user": "lwx"
}

[2022-09-11 14:49:01]--[src_cgi/myfiles_cgi.c:81]--child1->valuestring = lwx
[2022-09-11 14:49:01]--[src_cgi/myfiles_cgi.c:93]--child2->valuestring = e2f900ac4acca4327ed33dbc6d4ca65e
[2022-09-11 14:49:01]--[src_cgi/myfiles_cgi.c:162]--ret2=0
[2022-09-11 14:49:01]--[src_cgi/myfiles_cgi.c:177]--line = 2
[2022-09-11 14:49:01]--[src_cgi/myfiles_cgi.c:497]--cmd = normal
[2022-09-11 14:49:01]--[src_cgi/myfiles_cgi.c:529]--buf = {
    "count": 2,
    "start": 0,
    "token": "e2f900ac4acca4327ed33dbc6d4ca65e",
    "user": "lwx"
}

[2022-09-11 14:49:01]--[src_cgi/myfiles_cgi.c:549]--user = lwx, token = e2f900ac4acca4327ed33dbc6d4ca65e, start = 0, count = 2
[2022-09-11 14:49:01]--[src_cgi/myfiles_cgi.c:307]--select user_file_list.*, file_info.url, file_info.size, file_info.type from file_info, user_file_list where user = 'lwx' and file_info.md5 = user_file_list.md5 limit 0, 2 在操作
[2022-09-11 14:49:01]--[src_cgi/myfiles_cgi.c:429]--{
	"files":	[{
			"user":	"lwx",
			"md5":	"5b1ee9fb4e61be71e460a742d6939647",
			"time":	"2022-09-10 21:16:41",
			"filename":	"Makefile",
			"share_status":	0,
			"pv":	0,
			"url":	"http://10.0.24.12:8888/group1/M00/00/00/CgAYDGMcjjmAKWVhAABEgPHdf7o6083419",
			"size":	17536,
			"type":	"null"
		}, {
			"user":	"lwx",
			"md5":	"36ab2e241431f71b938ba56e74c2d573",
			"time":	"2022-09-11 14:12:19",
			"filename":	"Linux本地端口开放命令.txt",
			"share_status":	0,
			"pv":	2,
			"url":	"http://10.0.24.12:8888/group1/M00/00/00/CgAYDGMdfEOAdJqEAAAEN0Q9Ss4999.txt",
			"size":	1079,
			"type":	"txt"
		}]
}
[2022-09-11 15:53:08]--[src_cgi/myfiles_cgi.c:497]--cmd = count
[2022-09-11 15:53:08]--[src_cgi/myfiles_cgi.c:529]--buf = {
    "token": "78c388bce5f8543b5163532b5804e434",
    "user": "lwx"
}

[2022-09-11 15:53:08]--[src_cgi/myfiles_cgi.c:81]--child1->valuestring = lwx
[2022-09-11 15:53:08]--[src_cgi/myfiles_cgi.c:93]--child2->valuestring = 78c388bce5f8543b5163532b5804e434
[2022-09-11 15:53:08]--[src_cgi/myfiles_cgi.c:162]--ret2=0
[2022-09-11 15:53:08]--[src_cgi/myfiles_cgi.c:177]--line = 2
[2022-09-11 15:53:08]--[src_cgi/myfiles_cgi.c:497]--cmd = normal
[2022-09-11 15:53:08]--[src_cgi/myfiles_cgi.c:529]--buf = {
    "count": 2,
    "start": 0,
    "token": "78c388bce5f8543b5163532b5804e434",
    "user": "lwx"
}

[2022-09-11 15:53:08]--[src_cgi/myfiles_cgi.c:549]--user = lwx, token = 78c388bce5f8543b5163532b5804e434, start = 0, count = 2
[2022-09-11 15:53:08]--[src_cgi/myfiles_cgi.c:307]--select user_file_list.*, file_info.url, file_info.size, file_info.type from file_info, user_file_list where user = 'lwx' and file_info.md5 = user_file_list.md5 limit 0, 2 在操作
[2022-09-11 15:53:08]--[src_cgi/myfiles_cgi.c:429]--{
	"files":	[{
			"user":	"lwx",
			"md5":	"5b1ee9fb4e61be71e460a742d6939647",
			"time":	"2022-09-10 21:16:41",
			"filename":	"Makefile",
			"share_status":	0,
			"pv":	0,
			"url":	"http://10.0.24.12:8888/group1/M00/00/00/CgAYDGMcjjmAKWVhAABEgPHdf7o6083419",
			"size":	17536,
			"type":	"null"
		}, {
			"user":	"lwx",
			"md5":	"36ab2e241431f71b938ba56e74c2d573",
			"time":	"2022-09-11 14:12:19",
			"filename":	"Linux本地端口开放命令.txt",
			"share_status":	0,
			"pv":	2,
			"url":	"http://10.0.24.12:8888/group1/M00/00/00/CgAYDGMdfEOAdJqEAAAEN0Q9Ss4999.txt",
			"size":	1079,
			"type":	"txt"
		}]
}
[2022-09-11 15:53:11]--[src_cgi/myfiles_cgi.c:497]--cmd = count
[2022-09-11 15:53:11]--[src_cgi/myfiles_cgi.c:529]--buf = {
    "token": "78c388bce5f8543b5163532b5804e434",
    "user": "lwx"
}

[2022-09-11 15:53:11]--[src_cgi/myfiles_cgi.c:81]--child1->valuestring = lwx
[2022-09-11 15:53:11]--[src_cgi/myfiles_cgi.c:93]--child2->valuestring = 78c388bce5f8543b5163532b5804e434
[2022-09-11 15:53:11]--[src_cgi/myfiles_cgi.c:162]--ret2=0
[2022-09-11 15:53:11]--[src_cgi/myfiles_cgi.c:177]--line = 2
[2022-09-11 15:53:11]--[src_cgi/myfiles_cgi.c:497]--cmd = normal
[2022-09-11 15:53:11]--[src_cgi/myfiles_cgi.c:529]--buf = {
    "count": 2,
    "start": 0,
    "token": "78c388bce5f8543b5163532b5804e434",
    "user": "lwx"
}

[2022-09-11 15:53:11]--[src_cgi/myfiles_cgi.c:549]--user = lwx, token = 78c388bce5f8543b5163532b5804e434, start = 0, count = 2
[2022-09-11 15:53:11]--[src_cgi/myfiles_cgi.c:307]--select user_file_list.*, file_info.url, file_info.size, file_info.type from file_info, user_file_list where user = 'lwx' and file_info.md5 = user_file_list.md5 limit 0, 2 在操作
[2022-09-11 15:53:11]--[src_cgi/myfiles_cgi.c:429]--{
	"files":	[{
			"user":	"lwx",
			"md5":	"5b1ee9fb4e61be71e460a742d6939647",
			"time":	"2022-09-10 21:16:41",
			"filename":	"Makefile",
			"share_status":	0,
			"pv":	0,
			"url":	"http://10.0.24.12:8888/group1/M00/00/00/CgAYDGMcjjmAKWVhAABEgPHdf7o6083419",
			"size":	17536,
			"type":	"null"
		}, {
			"user":	"lwx",
			"md5":	"36ab2e241431f71b938ba56e74c2d573",
			"time":	"2022-09-11 14:12:19",
			"filename":	"Linux本地端口开放命令.txt",
			"share_status":	0,
			"pv":	2,
			"url":	"http://10.0.24.12:8888/group1/M00/00/00/CgAYDGMdfEOAdJqEAAAEN0Q9Ss4999.txt",
			"size":	1079,
			"type":	"txt"
		}]
}
[2022-09-11 15:54:38]--[src_cgi/myfiles_cgi.c:497]--cmd = count
[2022-09-11 15:54:38]--[src_cgi/myfiles_cgi.c:529]--buf = {
    "token": "464afdc8d4b36777c738b7fcd62a04c4",
    "user": "llwwxx"
}

[2022-09-11 15:54:38]--[src_cgi/myfiles_cgi.c:81]--child1->valuestring = llwwxx
[2022-09-11 15:54:38]--[src_cgi/myfiles_cgi.c:93]--child2->valuestring = 464afdc8d4b36777c738b7fcd62a04c4
[2022-09-11 15:54:38]--[src_cgi/myfiles_cgi.c:162]--ret2=1
[2022-09-11 15:54:38]--[src_cgi/myfiles_cgi.c:165]--select count from user_file_count where user="llwwxx" 操作失败
[2022-09-11 15:54:38]--[src_cgi/myfiles_cgi.c:177]--line = 0
[2022-09-11 16:18:24]--[src_cgi/myfiles_cgi.c:497]--cmd = count
[2022-09-11 16:18:24]--[src_cgi/myfiles_cgi.c:529]--buf = {
    "token": "04c26ec3cf3900244a4afadbb5ce92c4",
    "user": "llwwxx"
}

[2022-09-11 16:18:24]--[src_cgi/myfiles_cgi.c:81]--child1->valuestring = llwwxx
[2022-09-11 16:18:24]--[src_cgi/myfiles_cgi.c:93]--child2->valuestring = 04c26ec3cf3900244a4afadbb5ce92c4
[2022-09-11 16:18:24]--[src_cgi/myfiles_cgi.c:162]--ret2=1
[2022-09-11 16:18:24]--[src_cgi/myfiles_cgi.c:165]--select count from user_file_count where user="llwwxx" 操作失败
[2022-09-11 16:18:24]--[src_cgi/myfiles_cgi.c:177]--line = 0
[2022-09-11 17:01:52]--[src_cgi/myfiles_cgi.c:40]--mysql:[user=root,pwd=root,database=cloud_disk][2022-09-11 17:02:22]--[src_cgi/myfiles_cgi.c:497]--cmd = count
[2022-09-11 17:02:22]--[src_cgi/myfiles_cgi.c:529]--buf = {
    "token": "98fec96acf26736a5c8587109ecd5d68",
    "user": "llwwxx"
}

[2022-09-11 17:02:22]--[src_cgi/myfiles_cgi.c:81]--child1->valuestring = llwwxx
[2022-09-11 17:02:22]--[src_cgi/myfiles_cgi.c:93]--child2->valuestring = 98fec96acf26736a5c8587109ecd5d68
[2022-09-11 17:02:22]--[src_cgi/myfiles_cgi.c:162]--ret2=1
[2022-09-11 17:02:22]--[src_cgi/myfiles_cgi.c:165]--select count from user_file_count where user="llwwxx" 操作失败
[2022-09-11 17:02:22]--[src_cgi/myfiles_cgi.c:177]--line = 0
[2022-09-11 17:03:52]--[src_cgi/myfiles_cgi.c:497]--cmd = count
[2022-09-11 17:03:52]--[src_cgi/myfiles_cgi.c:529]--buf = {
    "token": "98fec96acf26736a5c8587109ecd5d68",
    "user": "llwwxx"
}

[2022-09-11 17:03:52]--[src_cgi/myfiles_cgi.c:81]--child1->valuestring = llwwxx
[2022-09-11 17:03:52]--[src_cgi/myfiles_cgi.c:93]--child2->valuestring = 98fec96acf26736a5c8587109ecd5d68
[2022-09-11 17:03:52]--[src_cgi/myfiles_cgi.c:162]--ret2=1
[2022-09-11 17:03:52]--[src_cgi/myfiles_cgi.c:165]--select count from user_file_count where user="llwwxx" 操作失败
[2022-09-11 17:03:52]--[src_cgi/myfiles_cgi.c:177]--line = 0
[2022-09-11 17:04:17]--[src_cgi/myfiles_cgi.c:497]--cmd = count
[2022-09-11 17:04:17]--[src_cgi/myfiles_cgi.c:529]--buf = {
    "token": "98fec96acf26736a5c8587109ecd5d68",
    "user": "llwwxx"
}

[2022-09-11 17:04:17]--[src_cgi/myfiles_cgi.c:81]--child1->valuestring = llwwxx
[2022-09-11 17:04:17]--[src_cgi/myfiles_cgi.c:93]--child2->valuestring = 98fec96acf26736a5c8587109ecd5d68
[2022-09-11 17:04:17]--[src_cgi/myfiles_cgi.c:162]--ret2=0
[2022-09-11 17:04:17]--[src_cgi/myfiles_cgi.c:177]--line = 1
[2022-09-11 17:04:18]--[src_cgi/myfiles_cgi.c:497]--cmd = normal
[2022-09-11 17:04:18]--[src_cgi/myfiles_cgi.c:529]--buf = {
    "count": 1,
    "start": 0,
    "token": "98fec96acf26736a5c8587109ecd5d68",
    "user": "llwwxx"
}

[2022-09-11 17:04:18]--[src_cgi/myfiles_cgi.c:549]--user = llwwxx, token = 98fec96acf26736a5c8587109ecd5d68, start = 0, count = 1
[2022-09-11 17:04:18]--[src_cgi/myfiles_cgi.c:307]--select user_file_list.*, file_info.url, file_info.size, file_info.type from file_info, user_file_list where user = 'llwwxx' and file_info.md5 = user_file_list.md5 limit 0, 1 在操作
[2022-09-11 17:04:18]--[src_cgi/myfiles_cgi.c:429]--{
	"files":	[{
			"user":	"llwwxx",
			"md5":	"e3bea7775b82e180d42df4e0c48e9710",
			"time":	"2022-09-11 17:04:14",
			"filename":	"使用说明.txt",
			"share_status":	0,
			"pv":	0,
			"url":	"http://10.0.24.12:80/group1/M00/00/00/CgAYDGMdpI6AfWfKAAABgqEUnVg708.txt",
			"size":	386,
			"type":	"txt"
		}]
}
[2022-09-11 17:16:33]--[src_cgi/myfiles_cgi.c:40]--mysql:[user=root,pwd=root,database=cloud_disk][2022-09-11 17:17:20]--[src_cgi/myfiles_cgi.c:497]--cmd = count
[2022-09-11 17:17:20]--[src_cgi/myfiles_cgi.c:529]--buf = {
    "token": "b73aab19120d0ca52d1cc1329b509ef3",
    "user": "llwwxx"
}

[2022-09-11 17:17:20]--[src_cgi/myfiles_cgi.c:81]--child1->valuestring = llwwxx
[2022-09-11 17:17:20]--[src_cgi/myfiles_cgi.c:93]--child2->valuestring = b73aab19120d0ca52d1cc1329b509ef3
[2022-09-11 17:17:20]--[src_cgi/myfiles_cgi.c:162]--ret2=0
[2022-09-11 17:17:20]--[src_cgi/myfiles_cgi.c:177]--line = 1
[2022-09-11 17:17:20]--[src_cgi/myfiles_cgi.c:497]--cmd = normal
[2022-09-11 17:17:20]--[src_cgi/myfiles_cgi.c:529]--buf = {
    "count": 1,
    "start": 0,
    "token": "b73aab19120d0ca52d1cc1329b509ef3",
    "user": "llwwxx"
}

[2022-09-11 17:17:20]--[src_cgi/myfiles_cgi.c:549]--user = llwwxx, token = b73aab19120d0ca52d1cc1329b509ef3, start = 0, count = 1
[2022-09-11 17:17:20]--[src_cgi/myfiles_cgi.c:307]--select user_file_list.*, file_info.url, file_info.size, file_info.type from file_info, user_file_list where user = 'llwwxx' and file_info.md5 = user_file_list.md5 limit 0, 1 在操作
[2022-09-11 17:17:20]--[src_cgi/myfiles_cgi.c:429]--{
	"files":	[{
			"user":	"llwwxx",
			"md5":	"e3bea7775b82e180d42df4e0c48e9710",
			"time":	"2022-09-11 17:04:14",
			"filename":	"使用说明.txt",
			"share_status":	0,
			"pv":	1,
			"url":	"http://10.0.24.12:80/group1/M00/00/00/CgAYDGMdpI6AfWfKAAABgqEUnVg708.txt",
			"size":	386,
			"type":	"txt"
		}]
}
[2022-09-11 17:18:02]--[src_cgi/myfiles_cgi.c:497]--cmd = count
[2022-09-11 17:18:02]--[src_cgi/myfiles_cgi.c:529]--buf = {
    "token": "b73aab19120d0ca52d1cc1329b509ef3",
    "user": "llwwxx"
}

[2022-09-11 17:18:02]--[src_cgi/myfiles_cgi.c:81]--child1->valuestring = llwwxx
[2022-09-11 17:18:02]--[src_cgi/myfiles_cgi.c:93]--child2->valuestring = b73aab19120d0ca52d1cc1329b509ef3
[2022-09-11 17:18:02]--[src_cgi/myfiles_cgi.c:162]--ret2=0
[2022-09-11 17:18:02]--[src_cgi/myfiles_cgi.c:177]--line = 2
[2022-09-11 17:18:02]--[src_cgi/myfiles_cgi.c:497]--cmd = normal
[2022-09-11 17:18:02]--[src_cgi/myfiles_cgi.c:529]--buf = {
    "count": 2,
    "start": 0,
    "token": "b73aab19120d0ca52d1cc1329b509ef3",
    "user": "llwwxx"
}

[2022-09-11 17:18:02]--[src_cgi/myfiles_cgi.c:549]--user = llwwxx, token = b73aab19120d0ca52d1cc1329b509ef3, start = 0, count = 2
[2022-09-11 17:18:02]--[src_cgi/myfiles_cgi.c:307]--select user_file_list.*, file_info.url, file_info.size, file_info.type from file_info, user_file_list where user = 'llwwxx' and file_info.md5 = user_file_list.md5 limit 0, 2 在操作
[2022-09-11 17:18:02]--[src_cgi/myfiles_cgi.c:429]--{
	"files":	[{
			"user":	"llwwxx",
			"md5":	"e3bea7775b82e180d42df4e0c48e9710",
			"time":	"2022-09-11 17:04:14",
			"filename":	"使用说明.txt",
			"share_status":	0,
			"pv":	1,
			"url":	"http://10.0.24.12:80/group1/M00/00/00/CgAYDGMdpI6AfWfKAAABgqEUnVg708.txt",
			"size":	386,
			"type":	"txt"
		}, {
			"user":	"llwwxx",
			"md5":	"abeebd24a3e62150c177c19a79b769d4",
			"time":	"2022-09-11 17:17:56",
			"filename":	"游戏运行出错原因及解决方案.txt",
			"share_status":	0,
			"pv":	0,
			"url":	"http://101.42.137.149:80/group1/M00/00/00/CgAYDGMdp8SAElScAAAEbW1iON4549.txt",
			"size":	1133,
			"type":	"txt"
		}]
}
